{
    "meta": {
        "version": "6.3.2",
        "timestamp": "2022-03-25T08:59:06.171737",
        "branch_coverage": true,
        "show_contexts": false
    },
    "files": {
        "src/challenge/__init__.py": {
            "executed_lines": [
                1
            ],
            "summary": {
                "covered_lines": 0,
                "num_statements": 0,
                "percent_covered": 100.0,
                "percent_covered_display": "100",
                "missing_lines": 0,
                "excluded_lines": 0,
                "num_branches": 0,
                "num_partial_branches": 0,
                "covered_branches": 0,
                "missing_branches": 0
            },
            "missing_lines": [],
            "excluded_lines": []
        },
        "src/challenge/main.py": {
            "executed_lines": [
                2,
                8,
                10,
                12,
                15,
                16,
                24,
                33,
                34,
                35,
                37,
                39,
                40,
                45,
                46,
                50,
                52,
                53,
                55,
                57,
                61,
                62,
                63,
                65,
                67,
                72,
                73,
                75,
                77,
                83,
                84,
                88,
                93,
                95,
                97,
                100,
                105,
                107,
                110,
                112,
                117,
                120,
                122,
                124,
                127,
                129,
                131
            ],
            "summary": {
                "covered_lines": 42,
                "num_statements": 42,
                "percent_covered": 100.0,
                "percent_covered_display": "100",
                "missing_lines": 0,
                "excluded_lines": 3,
                "num_branches": 16,
                "num_partial_branches": 0,
                "covered_branches": 16,
                "missing_branches": 0
            },
            "missing_lines": [],
            "excluded_lines": [
                127,
                129,
                131
            ]
        },
        "src/test/__init__.py": {
            "executed_lines": [
                1
            ],
            "summary": {
                "covered_lines": 0,
                "num_statements": 0,
                "percent_covered": 100.0,
                "percent_covered_display": "100",
                "missing_lines": 0,
                "excluded_lines": 0,
                "num_branches": 0,
                "num_partial_branches": 0,
                "covered_branches": 0,
                "missing_branches": 0
            },
            "missing_lines": [],
            "excluded_lines": []
        },
        "src/test/test_main.py": {
            "executed_lines": [
                2,
                8,
                9,
                10,
                11,
                12,
                13,
                15,
                16,
                19,
                21,
                26,
                29,
                31,
                33,
                34,
                36,
                41,
                44,
                46,
                48,
                49,
                52,
                53,
                60,
                62,
                63,
                65,
                67,
                68,
                69,
                71,
                72,
                74,
                77,
                78,
                80,
                81,
                83,
                84,
                87,
                88,
                95,
                97,
                98,
                100,
                101,
                102,
                104,
                105,
                107,
                110,
                111,
                113,
                114,
                116,
                117,
                118,
                121,
                122,
                125,
                126,
                129,
                139,
                140,
                144,
                145,
                146,
                147,
                148,
                149,
                151
            ],
            "summary": {
                "covered_lines": 72,
                "num_statements": 72,
                "percent_covered": 99.03846153846153,
                "percent_covered_display": "99",
                "missing_lines": 0,
                "excluded_lines": 0,
                "num_branches": 32,
                "num_partial_branches": 1,
                "covered_branches": 31,
                "missing_branches": 1
            },
            "missing_lines": [],
            "excluded_lines": []
        }
    },
    "totals": {
        "covered_lines": 114,
        "num_statements": 114,
        "percent_covered": 99.38271604938272,
        "percent_covered_display": "99",
        "missing_lines": 0,
        "excluded_lines": 3,
        "num_branches": 48,
        "num_partial_branches": 1,
        "covered_branches": 47,
        "missing_branches": 1
    }
}