Running: pytest --verbose --cov-report term --cov=. --cov-report=term-missing --cov-report=xml:.coverage.xml --cov-branch -p no:randomly
============================= test session starts ==============================
platform linux -- Python 3.10.4, pytest-7.1.2, pluggy-1.0.0 -- /home/vpayno/.pyenv/versions/3.10.4/bin/python
cachedir: .pytest_cache
hypothesis profile 'default' -> database=DirectoryBasedExampleDatabase('/home/vpayno/git_vpayno/hackerrank-workspace/tutorials/30-days-of-code/day-07-arrays/python3/.hypothesis/examples')
rootdir: /home/vpayno/git_vpayno/hackerrank-workspace/tutorials/30-days-of-code/day-07-arrays/python3
plugins: pylama-8.3.8, typeguard-2.13.3, cov-3.0.0, subprocess-1.4.1, betamax-0.8.1, anyio-3.6.1, hypothesis-6.46.3, datafiles-2.0.1, xonsh-0.12.4
collecting ... collected 7 items

src/test/test_main.py::test_raise_exception PASSED                       [ 14%]
src/test/test_main.py::test_method_without_input[4-numbers0-expected0] PASSED [ 28%]
src/test/test_main.py::test_method_without_input[6-numbers1-expected1] PASSED [ 42%]
src/test/test_main.py::test_method_with_input[4-numbers0-expected0] PASSED [ 57%]
src/test/test_main.py::test_method_with_input[6-numbers1-expected1] PASSED [ 71%]
src/test/test_main.py::test_script[4-numbers0-expected0] PASSED          [ 85%]
src/test/test_main.py::test_script[6-numbers1-expected1] PASSED          [100%]

---------- coverage: platform linux, python 3.10.4-final-0 -----------
Name                        Stmts   Miss Branch BrPart  Cover   Missing
-----------------------------------------------------------------------
src/challenge/__init__.py       0      0      0      0   100%
src/challenge/main.py          42      0     16      0   100%
src/test/__init__.py            0      0      0      0   100%
src/test/test_main.py          72      0     32      1    99%   62->exit
-----------------------------------------------------------------------
TOTAL                         114      0     48      1    99%
Coverage XML written to file .coverage.xml


============================== 7 passed in 3.14s ===============================

real	0m7.266s
user	0m1.161s
sys	0m0.286s

Running: spackle
Name                        Stmts   Miss Branch BrPart  Cover   Missing
-----------------------------------------------------------------------
src/challenge/__init__.py       0      0      0      0   100%
src/challenge/main.py          42      0     16      0   100%
src/test/__init__.py            0      0      0      0   100%
src/test/test_main.py          72      0     32      1    99%   62->exit
-----------------------------------------------------------------------
TOTAL                         114      0     48      1    99%

real	0m0.269s
user	0m0.000s
sys	0m0.000s

Running: coverage json --pretty-print -o .coverage.json
Wrote JSON report to .coverage.json

real	0m0.253s
user	0m0.000s
sys	0m0.000s

Running: coverage report --show-missing
Name                        Stmts   Miss Branch BrPart  Cover   Missing
-----------------------------------------------------------------------
src/challenge/__init__.py       0      0      0      0   100%
src/challenge/main.py          42      0     16      0   100%
src/test/__init__.py            0      0      0      0   100%
src/test/test_main.py          72      0     32      1    99%   62->exit
-----------------------------------------------------------------------
TOTAL                         114      0     48      1    99%

real	0m0.376s
user	0m0.001s
sys	0m0.000s

Running: pycobertura show .coverage.xml
Filename                     Stmts    Miss  Cover    Missing
-------------------------  -------  ------  -------  ---------
src/challenge/__init__.py        0       0  100.00%
src/challenge/main.py           42       0  100.00%
src/test/__init__.py             0       0  100.00%
src/test/test_main.py           72       0  100.00%
TOTAL                          114       0  100.00%

real	0m0.393s
user	0m0.000s
sys	0m0.000s

