<?xml version="1.0"?><coverage lines-covered="0" lines-valid="0" line-rate="NaN" branches-covered="0" branches-valid="0" branch-rate="0" complexity="0" version="1.9" timestamp="1650772371"><sources><source>/home/vpayno/git_vpayno/hackerrank-workspace/tutorials/30-days-of-code/day-00-hello_world/rust</source></sources><packages><package name="tests" line-rate="0" branch-rate="0" complexity="0"><classes></classes></package><package name="src" line-rate="0" branch-rate="0" complexity="0"><classes></classes></package></packages></coverage>