Running: pytest --verbose --cov-report term --cov=. --cov-report=term-missing --cov-report=xml:.coverage.xml --cov-branch -p no:randomly
============================= test session starts ==============================
platform linux -- Python 3.10.4, pytest-7.1.2, pluggy-1.0.0 -- /home/vpayno/.pyenv/versions/3.10.4/bin/python
cachedir: .pytest_cache
hypothesis profile 'default' -> database=DirectoryBasedExampleDatabase('/home/vpayno/git_vpayno/hackerrank-workspace/tutorials/30-days-of-code/day-08-dictionaries_and_maps/python3/.hypothesis/examples')
rootdir: /home/vpayno/git_vpayno/hackerrank-workspace/tutorials/30-days-of-code/day-08-dictionaries_and_maps/python3
plugins: pylama-8.3.8, typeguard-2.13.3, cov-3.0.0, subprocess-1.4.1, betamax-0.8.1, anyio-3.6.1, hypothesis-6.46.3, datafiles-2.0.1, xonsh-0.12.4
collecting ... collected 6 items

src/test/test_main.py::test_method_with_input[1-data0-names0-expected0] PASSED [ 16%]
src/test/test_main.py::test_method_with_input[3-data1-names1-expected1] PASSED [ 33%]
src/test/test_main.py::test_method_with_input[5-data2-names2-expected2] PASSED [ 50%]
src/test/test_main.py::test_script[1-data0-names0-expected0] PASSED      [ 66%]
src/test/test_main.py::test_script[3-data1-names1-expected1] PASSED      [ 83%]
src/test/test_main.py::test_script[5-data2-names2-expected2] PASSED      [100%]

---------- coverage: platform linux, python 3.10.4-final-0 -----------
Name                        Stmts   Miss Branch BrPart  Cover   Missing
-----------------------------------------------------------------------
src/challenge/__init__.py       0      0      0      0   100%
src/challenge/main.py          41      0      8      0   100%
src/test/__init__.py            0      0      0      0   100%
src/test/test_main.py          51      0     15      0   100%
-----------------------------------------------------------------------
TOTAL                          92      0     23      0   100%
Coverage XML written to file .coverage.xml


============================== 6 passed in 7.20s ===============================

real	0m12.675s
user	0m10.330s
sys	0m2.079s

Running: spackle
Name                        Stmts   Miss Branch BrPart  Cover   Missing
-----------------------------------------------------------------------
src/challenge/__init__.py       0      0      0      0   100%
src/challenge/main.py          41      0      8      0   100%
src/test/__init__.py            0      0      0      0   100%
src/test/test_main.py          51      0     15      0   100%
-----------------------------------------------------------------------
TOTAL                          92      0     23      0   100%

real	0m0.403s
user	0m0.349s
sys	0m0.049s

Running: coverage json --pretty-print -o .coverage.json
Wrote JSON report to .coverage.json

real	0m0.418s
user	0m0.359s
sys	0m0.049s

Running: coverage report --show-missing
Name                        Stmts   Miss Branch BrPart  Cover   Missing
-----------------------------------------------------------------------
src/challenge/__init__.py       0      0      0      0   100%
src/challenge/main.py          41      0      8      0   100%
src/test/__init__.py            0      0      0      0   100%
src/test/test_main.py          51      0     15      0   100%
-----------------------------------------------------------------------
TOTAL                          92      0     23      0   100%

real	0m0.476s
user	0m0.386s
sys	0m0.079s

Running: pycobertura show .coverage.xml
Filename                     Stmts    Miss  Cover    Missing
-------------------------  -------  ------  -------  ---------
src/challenge/__init__.py        0       0  100.00%
src/challenge/main.py           41       0  100.00%
src/test/__init__.py             0       0  100.00%
src/test/test_main.py           51       0  100.00%
TOTAL                           92       0  100.00%

real	0m0.845s
user	0m0.588s
sys	0m0.120s

