Running: pytest --verbose --cov-report term --cov=. --cov-branch
============================= test session starts ==============================
platform linux -- Python 3.10.2, pytest-7.1.1, pluggy-1.0.0 -- /home/vpayno/.pyenv/versions/3.10.2/bin/python
cachedir: .pytest_cache
hypothesis profile 'default' -> database=DirectoryBasedExampleDatabase('/home/vpayno/git_vpayno/hackerrank-workspace/prep-kit-3-months/week01/day01-plus_minus/.hypothesis/examples')
rootdir: /home/vpayno/git_vpayno/hackerrank-workspace/prep-kit-3-months/week01
plugins: anyio-3.5.0, typeguard-2.13.3, cov-3.0.0, hypothesis-6.39.4, pylama-8.3.8, subprocess-1.4.1
collecting ... collected 6 items

src/test/test_main.py::test_class_str PASSED                             [ 16%]
src/test/test_main.py::test_method_without_input[5-array0-expected0] PASSED [ 33%]
src/test/test_main.py::test_method_without_input[6-array1-expected1] PASSED [ 50%]
src/test/test_main.py::test_method_with_input[5-array0-expected0] PASSED [ 66%]
src/test/test_main.py::test_method_with_input[6-array1-expected1] PASSED [ 83%]
src/test/test_main.py::test_script[5--1 1 1 0 -1-expected0] PASSED       [100%]

---------- coverage: platform linux, python 3.10.2-final-0 -----------
Name                        Stmts   Miss Branch BrPart  Cover
-------------------------------------------------------------
src/challenge/__init__.py       0      0      0      0   100%
src/challenge/main.py          24      0     10      0   100%
src/test/__init__.py            0      0      0      0   100%
src/test/test_main.py          42      0      9      1    98%
-------------------------------------------------------------
TOTAL                          66      0     19      1    99%


============================== 6 passed in 1.34s ===============================

real	0m3.664s
user	0m3.603s
sys	0m0.534s

Running: spackle
Name                        Stmts   Miss Branch BrPart  Cover   Missing
-----------------------------------------------------------------------
src/challenge/__init__.py       0      0      0      0   100%
src/challenge/main.py          24      0     10      0   100%
src/test/__init__.py            0      0      0      0   100%
src/test/test_main.py          42      0      9      1    98%   89->exit
-----------------------------------------------------------------------
TOTAL                          66      0     19      1    99%

real	0m0.336s
user	0m0.300s
sys	0m0.035s

