Running: pytest --verbose --cov-report term --cov=. --cov-branch
/home/vpayno/.pyenv/versions/3.10.2/lib/python3.10/site-packages/_pytest/nodes.py:664: PytestWarning: PylamaItem is an Item subclass and should not be a collector, however its bases File are collectors.
Please split the Collectors and the Item into separate node types.
Pytest Doc example: https://docs.pytest.org/en/latest/example/nonpython.html
example pull request on a plugin: https://github.com/asmeurer/pytest-flakes/pull/40/
  warnings.warn(
============================= test session starts ==============================
platform linux -- Python 3.10.2, pytest-7.0.0, pluggy-1.0.0 -- /home/vpayno/.pyenv/versions/3.10.2/bin/python
cachedir: .pytest_cache
hypothesis profile 'default' -> database=DirectoryBasedExampleDatabase('/home/vpayno/git_vpayno/hackerrank-workspace/prep-kit-3-months/week01/day01-plus_minus/.hypothesis/examples')
rootdir: /home/vpayno/git_vpayno/hackerrank-workspace/prep-kit-3-months/week01/day01-plus_minus
plugins: anyio-3.5.0, pylama-8.3.7, typeguard-2.13.3, cov-3.0.0, hypothesis-6.36.1, subprocess-1.4.0
collecting ... collected 6 items

src/test/test_main.py::test_class_str PASSED                             [ 16%]
src/test/test_main.py::test_method_without_input[5-array0-expected0] PASSED [ 33%]
src/test/test_main.py::test_method_without_input[6-array1-expected1] PASSED [ 50%]
src/test/test_main.py::test_method_with_input[5-array0-expected0] PASSED [ 66%]
src/test/test_main.py::test_method_with_input[6-array1-expected1] PASSED [ 83%]
src/test/test_main.py::test_script[5--1 1 1 0 -1-expected0] PASSED       [100%]

---------- coverage: platform linux, python 3.10.2-final-0 -----------
Name                        Stmts   Miss Branch BrPart  Cover
-------------------------------------------------------------
src/challenge/__init__.py       0      0      0      0   100%
src/challenge/main.py          24      0     10      0   100%
src/test/__init__.py            0      0      0      0   100%
src/test/test_main.py          42      0      9      1    98%
-------------------------------------------------------------
TOTAL                          66      0     19      1    99%


============================== 6 passed in 0.92s ===============================

real	0m2.779s
user	0m2.814s
sys	0m0.447s

Running: spackle
Name                        Stmts   Miss Branch BrPart  Cover   Missing
-----------------------------------------------------------------------
src/challenge/__init__.py       0      0      0      0   100%
src/challenge/main.py          24      0     10      0   100%
src/test/__init__.py            0      0      0      0   100%
src/test/test_main.py          42      0      9      1    98%   80->exit
-----------------------------------------------------------------------
TOTAL                          66      0     19      1    99%

real	0m0.317s
user	0m0.069s
sys	0m0.019s

