Running: pytest --verbose --cov-report term --cov=. --cov-branch
============================= test session starts ==============================
platform linux -- Python 3.10.2, pytest-7.1.1, pluggy-1.0.0 -- /home/vpayno/.pyenv/versions/3.10.2/bin/python
cachedir: .pytest_cache
hypothesis profile 'default' -> database=DirectoryBasedExampleDatabase('/home/vpayno/git_vpayno/hackerrank-workspace/tutorials/30-days-of-code/day-05-loops/.hypothesis/examples')
rootdir: /home/vpayno/git_vpayno/hackerrank-workspace/tutorials/30-days-of-code/day-05-loops
plugins: anyio-3.5.0, typeguard-2.13.3, cov-3.0.0, hypothesis-6.39.4, pylama-8.3.8, subprocess-1.4.1
collecting ... collected 18 items

src/test/test_main.py::test_class_person[-2-expected0] PASSED            [  5%]
src/test/test_main.py::test_class_person[-1-expected1] PASSED            [ 11%]
src/test/test_main.py::test_class_person[0-expected2] PASSED             [ 16%]
src/test/test_main.py::test_class_person[1-expected3] PASSED             [ 22%]
src/test/test_main.py::test_class_person[2-expected4] PASSED             [ 27%]
src/test/test_main.py::test_class_person[3-expected5] PASSED             [ 33%]
src/test/test_main.py::test_method_with_input[-2-expected0] PASSED       [ 38%]
src/test/test_main.py::test_method_with_input[-1-expected1] PASSED       [ 44%]
src/test/test_main.py::test_method_with_input[0-expected2] PASSED        [ 50%]
src/test/test_main.py::test_method_with_input[1-expected3] PASSED        [ 55%]
src/test/test_main.py::test_method_with_input[2-expected4] PASSED        [ 61%]
src/test/test_main.py::test_method_with_input[3-expected5] PASSED        [ 66%]
src/test/test_main.py::test_script[-2-expected0] PASSED                  [ 72%]
src/test/test_main.py::test_script[-1-expected1] PASSED                  [ 77%]
src/test/test_main.py::test_script[0-expected2] PASSED                   [ 83%]
src/test/test_main.py::test_script[1-expected3] PASSED                   [ 88%]
src/test/test_main.py::test_script[2-expected4] PASSED                   [ 94%]
src/test/test_main.py::test_script[3-expected5] PASSED                   [100%]

---------- coverage: platform linux, python 3.10.2-final-0 -----------
Name                        Stmts   Miss Branch BrPart  Cover
-------------------------------------------------------------
src/challenge/__init__.py       0      0      0      0   100%
src/challenge/main.py          13      0      2      0   100%
src/test/__init__.py            0      0      0      0   100%
src/test/test_main.py          46      0     11      0   100%
-------------------------------------------------------------
TOTAL                          59      0     13      0   100%


============================== 18 passed in 2.33s ==============================

real	0m4.795s
user	0m4.512s
sys	0m0.794s

Running: spackle
Name                        Stmts   Miss Branch BrPart  Cover   Missing
-----------------------------------------------------------------------
src/challenge/__init__.py       0      0      0      0   100%
src/challenge/main.py          13      0      2      0   100%
src/test/__init__.py            0      0      0      0   100%
src/test/test_main.py          46      0     11      0   100%
-----------------------------------------------------------------------
TOTAL                          59      0     13      0   100%

real	0m0.276s
user	0m0.245s
sys	0m0.029s

