Running: pytest --verbose --cov-report term --cov=. --cov-report=term-missing --cov-report=xml:.coverage.xml --cov-branch -p no:randomly
============================= test session starts ==============================
platform linux -- Python 3.10.4, pytest-7.1.2, pluggy-1.0.0 -- /home/vpayno/.pyenv/versions/3.10.4/bin/python
cachedir: .pytest_cache
hypothesis profile 'default' -> database=DirectoryBasedExampleDatabase('/home/vpayno/git_vpayno/hackerrank-workspace/tutorials/30-days-of-code/day-06-review/python3/.hypothesis/examples')
rootdir: /home/vpayno/git_vpayno/hackerrank-workspace/tutorials/30-days-of-code/day-06-review/python3
plugins: pylama-8.3.8, typeguard-2.13.3, cov-3.0.0, subprocess-1.4.1, betamax-0.8.1, anyio-3.6.1, hypothesis-6.46.3, datafiles-2.0.1, xonsh-0.12.4
collecting ... collected 18 items

src/test/test_main.py::test_method_without_input[-1-lines0-expected0] PASSED [  5%]
src/test/test_main.py::test_method_without_input[0-lines1-expected1] PASSED [ 11%]
src/test/test_main.py::test_method_without_input[1-lines2-expected2] PASSED [ 16%]
src/test/test_main.py::test_method_without_input[2-lines3-expected3] PASSED [ 22%]
src/test/test_main.py::test_method_without_input[2-lines4-expected4] PASSED [ 27%]
src/test/test_main.py::test_method_without_input[2-lines5-expected5] PASSED [ 33%]
src/test/test_main.py::test_method_with_input[-1-lines0-expected0] PASSED [ 38%]
src/test/test_main.py::test_method_with_input[0-lines1-expected1] PASSED [ 44%]
src/test/test_main.py::test_method_with_input[1-lines2-expected2] PASSED [ 50%]
src/test/test_main.py::test_method_with_input[2-lines3-expected3] PASSED [ 55%]
src/test/test_main.py::test_method_with_input[2-lines4-expected4] PASSED [ 61%]
src/test/test_main.py::test_method_with_input[2-lines5-expected5] PASSED [ 66%]
src/test/test_main.py::test_script[-1-lines0-expected0] PASSED           [ 72%]
src/test/test_main.py::test_script[0-lines1-expected1] PASSED            [ 77%]
src/test/test_main.py::test_script[1-lines2-expected2] PASSED            [ 83%]
src/test/test_main.py::test_script[2-lines3-expected3] PASSED            [ 88%]
src/test/test_main.py::test_script[2-lines4-expected4] PASSED            [ 94%]
src/test/test_main.py::test_script[2-lines5-expected5] PASSED            [100%]

---------- coverage: platform linux, python 3.10.4-final-0 -----------
Name                        Stmts   Miss Branch BrPart  Cover   Missing
-----------------------------------------------------------------------
src/challenge/__init__.py       0      0      0      0   100%
src/challenge/main.py          44      0     16      0   100%
src/test/__init__.py            0      0      0      0   100%
src/test/test_main.py          59      0     16      0   100%
-----------------------------------------------------------------------
TOTAL                         103      0     32      0   100%
Coverage XML written to file .coverage.xml


============================== 18 passed in 3.68s ==============================

real	0m8.041s
user	0m2.303s
sys	0m0.547s

Running: spackle
Name                        Stmts   Miss Branch BrPart  Cover   Missing
-----------------------------------------------------------------------
src/challenge/__init__.py       0      0      0      0   100%
src/challenge/main.py          44      0     16      0   100%
src/test/__init__.py            0      0      0      0   100%
src/test/test_main.py          59      0     16      0   100%
-----------------------------------------------------------------------
TOTAL                         103      0     32      0   100%

real	0m0.409s
user	0m0.000s
sys	0m0.000s

Running: coverage json --pretty-print -o .coverage.json
Wrote JSON report to .coverage.json

real	0m0.318s
user	0m0.028s
sys	0m0.005s

Running: coverage report --show-missing
Name                        Stmts   Miss Branch BrPart  Cover   Missing
-----------------------------------------------------------------------
src/challenge/__init__.py       0      0      0      0   100%
src/challenge/main.py          44      0     16      0   100%
src/test/__init__.py            0      0      0      0   100%
src/test/test_main.py          59      0     16      0   100%
-----------------------------------------------------------------------
TOTAL                         103      0     32      0   100%

real	0m0.251s
user	0m0.000s
sys	0m0.000s

Running: pycobertura show .coverage.xml
Filename                     Stmts    Miss  Cover    Missing
-------------------------  -------  ------  -------  ---------
src/challenge/__init__.py        0       0  100.00%
src/challenge/main.py           44       0  100.00%
src/test/__init__.py             0       0  100.00%
src/test/test_main.py           59       0  100.00%
TOTAL                          103       0  100.00%

real	0m0.362s
user	0m0.000s
sys	0m0.000s

