Running: pytest --verbose --cov-report term --cov=. --cov-branch
============================= test session starts ==============================
platform linux -- Python 3.10.2, pytest-7.1.1, pluggy-1.0.0 -- /home/vpayno/.pyenv/versions/3.10.2/bin/python
cachedir: .pytest_cache
hypothesis profile 'default' -> database=DirectoryBasedExampleDatabase('/home/vpayno/git_vpayno/hackerrank-workspace/tutorials/30-days-of-code/day-01-data-types/.hypothesis/examples')
rootdir: /home/vpayno/git_vpayno/hackerrank-workspace/tutorials/30-days-of-code/day-01-data-types
plugins: anyio-3.5.0, typeguard-2.13.3, cov-3.0.0, hypothesis-6.39.4, pylama-8.3.8, subprocess-1.4.1
collecting ... collected 4 items

src/test/test_main.py::test_class_str PASSED                             [ 25%]
src/test/test_main.py::test_method_with_input[5-5.0-is a learning and testing site.-expected0] PASSED [ 50%]
src/test/test_main.py::test_method_with_input[12-4.0-is the best place to learn and practice coding!-expected1] PASSED [ 75%]
src/test/test_main.py::test_script[12\n4.0\nis the best place to learn and practice coding!-expected0] PASSED [100%]

---------- coverage: platform linux, python 3.10.2-final-0 -----------
Name                        Stmts   Miss Branch BrPart  Cover
-------------------------------------------------------------
src/challenge/__init__.py       0      0      0      0   100%
src/challenge/main.py          26      0      0      0   100%
src/test/__init__.py            0      0      0      0   100%
src/test/test_main.py          41      0     11      0   100%
-------------------------------------------------------------
TOTAL                          67      0     11      0   100%


============================== 4 passed in 1.08s ===============================

real	0m3.402s
user	0m3.350s
sys	0m0.551s

Running: spackle
Name                        Stmts   Miss Branch BrPart  Cover   Missing
-----------------------------------------------------------------------
src/challenge/__init__.py       0      0      0      0   100%
src/challenge/main.py          26      0      0      0   100%
src/test/__init__.py            0      0      0      0   100%
src/test/test_main.py          41      0     11      0   100%
-----------------------------------------------------------------------
TOTAL                          67      0     11      0   100%

real	0m0.282s
user	0m0.081s
sys	0m0.017s

