Running: pytest --verbose --cov-report term --cov=. --cov-branch
============================= test session starts ==============================
platform linux -- Python 3.10.3, pytest-7.1.1, pluggy-1.0.0 -- /home/vpayno/.pyenv/versions/3.10.3/bin/python3.10
cachedir: .pytest_cache
hypothesis profile 'default' -> database=DirectoryBasedExampleDatabase('/home/vpayno/git_vpayno/hackerrank-workspace/tutorials/30-days-of-code/day-06-review/.hypothesis/examples')
rootdir: /home/vpayno/git_vpayno/hackerrank-workspace/tutorials/30-days-of-code/day-06-review
plugins: anyio-3.5.0, hypothesis-6.39.4, pylama-8.3.8, typeguard-2.13.3, cov-3.0.0, subprocess-1.4.1
collecting ... collected 18 items

src/test/test_main.py::test_method_without_input[-1-lines0-expected0] PASSED [  5%]
src/test/test_main.py::test_method_without_input[0-lines1-expected1] PASSED [ 11%]
src/test/test_main.py::test_method_without_input[1-lines2-expected2] PASSED [ 16%]
src/test/test_main.py::test_method_without_input[2-lines3-expected3] PASSED [ 22%]
src/test/test_main.py::test_method_without_input[2-lines4-expected4] PASSED [ 27%]
src/test/test_main.py::test_method_without_input[2-lines5-expected5] PASSED [ 33%]
src/test/test_main.py::test_method_with_input[-1-lines0-expected0] PASSED [ 38%]
src/test/test_main.py::test_method_with_input[0-lines1-expected1] PASSED [ 44%]
src/test/test_main.py::test_method_with_input[1-lines2-expected2] PASSED [ 50%]
src/test/test_main.py::test_method_with_input[2-lines3-expected3] PASSED [ 55%]
src/test/test_main.py::test_method_with_input[2-lines4-expected4] PASSED [ 61%]
src/test/test_main.py::test_method_with_input[2-lines5-expected5] PASSED [ 66%]
src/test/test_main.py::test_script[-1-lines0-expected0] PASSED           [ 72%]
src/test/test_main.py::test_script[0-lines1-expected1] PASSED            [ 77%]
src/test/test_main.py::test_script[1-lines2-expected2] PASSED            [ 83%]
src/test/test_main.py::test_script[2-lines3-expected3] PASSED            [ 88%]
src/test/test_main.py::test_script[2-lines4-expected4] PASSED            [ 94%]
src/test/test_main.py::test_script[2-lines5-expected5] PASSED            [100%]

---------- coverage: platform linux, python 3.10.3-final-0 -----------
Name                        Stmts   Miss Branch BrPart  Cover
-------------------------------------------------------------
src/challenge/__init__.py       0      0      0      0   100%
src/challenge/main.py          44      0     16      0   100%
src/test/__init__.py            0      0      0      0   100%
src/test/test_main.py          59      0     16      0   100%
-------------------------------------------------------------
TOTAL                         103      0     32      0   100%


============================== 18 passed in 2.17s ==============================

real	0m4.326s
user	0m4.089s
sys	0m0.693s

Running: spackle
Name                        Stmts   Miss Branch BrPart  Cover   Missing
-----------------------------------------------------------------------
src/challenge/__init__.py       0      0      0      0   100%
src/challenge/main.py          44      0     16      0   100%
src/test/__init__.py            0      0      0      0   100%
src/test/test_main.py          59      0     16      0   100%
-----------------------------------------------------------------------
TOTAL                         103      0     32      0   100%

real	0m0.216s
user	0m0.059s
sys	0m0.014s

