{
    "meta": {
        "version": "6.3.2",
        "timestamp": "2022-03-28T15:44:42.511874",
        "branch_coverage": true,
        "show_contexts": false
    },
    "files": {
        "src/challenge/__init__.py": {
            "executed_lines": [
                1
            ],
            "summary": {
                "covered_lines": 0,
                "num_statements": 0,
                "percent_covered": 100.0,
                "percent_covered_display": "100",
                "missing_lines": 0,
                "excluded_lines": 0,
                "num_branches": 0,
                "num_partial_branches": 0,
                "covered_branches": 0,
                "missing_branches": 0
            },
            "missing_lines": [],
            "excluded_lines": []
        },
        "src/challenge/main.py": {
            "executed_lines": [
                2,
                8,
                10,
                12,
                15,
                16,
                20,
                21,
                22,
                24,
                27,
                29,
                34,
                36,
                38,
                41,
                42,
                46,
                50,
                51,
                53,
                55,
                56,
                58,
                60,
                61,
                63,
                65,
                70,
                71,
                73,
                75,
                80,
                81,
                85,
                87,
                90,
                91,
                93,
                95,
                98,
                100,
                105,
                107,
                109,
                111,
                114,
                116,
                118
            ],
            "summary": {
                "covered_lines": 44,
                "num_statements": 44,
                "percent_covered": 100.0,
                "percent_covered_display": "100",
                "missing_lines": 0,
                "excluded_lines": 3,
                "num_branches": 12,
                "num_partial_branches": 0,
                "covered_branches": 12,
                "missing_branches": 0
            },
            "missing_lines": [],
            "excluded_lines": [
                114,
                116,
                118
            ]
        },
        "src/test/__init__.py": {
            "executed_lines": [
                1
            ],
            "summary": {
                "covered_lines": 0,
                "num_statements": 0,
                "percent_covered": 100.0,
                "percent_covered_display": "100",
                "missing_lines": 0,
                "excluded_lines": 0,
                "num_branches": 0,
                "num_partial_branches": 0,
                "covered_branches": 0,
                "missing_branches": 0
            },
            "missing_lines": [],
            "excluded_lines": []
        },
        "src/test/test_main.py": {
            "executed_lines": [
                2,
                8,
                9,
                10,
                11,
                12,
                14,
                17,
                18,
                20,
                26,
                29,
                30,
                34,
                36,
                38,
                40,
                41,
                43,
                44,
                45,
                47,
                50,
                51,
                58,
                60,
                61,
                64,
                65,
                67,
                68,
                69,
                71,
                74,
                75,
                77,
                78,
                80,
                81,
                84,
                85,
                92,
                94,
                95,
                98,
                99,
                101,
                102,
                103,
                105,
                108,
                109,
                111,
                112,
                114,
                115,
                118,
                119,
                122,
                123,
                126,
                136,
                137,
                139,
                141,
                142,
                143,
                144,
                145,
                146,
                148
            ],
            "summary": {
                "covered_lines": 71,
                "num_statements": 71,
                "percent_covered": 100.0,
                "percent_covered_display": "100",
                "missing_lines": 0,
                "excluded_lines": 0,
                "num_branches": 26,
                "num_partial_branches": 0,
                "covered_branches": 26,
                "missing_branches": 0
            },
            "missing_lines": [],
            "excluded_lines": []
        }
    },
    "totals": {
        "covered_lines": 115,
        "num_statements": 115,
        "percent_covered": 100.0,
        "percent_covered_display": "100",
        "missing_lines": 0,
        "excluded_lines": 3,
        "num_branches": 38,
        "num_partial_branches": 0,
        "covered_branches": 38,
        "missing_branches": 0
    }
}