Running: pytest --verbose --cov-report term --cov=. --cov-branch
============================= test session starts ==============================
platform linux -- Python 3.10.3, pytest-7.1.1, pluggy-1.0.0 -- /home/vpayno/.pyenv/versions/3.10.3/bin/python3.10
cachedir: .pytest_cache
hypothesis profile 'default' -> database=DirectoryBasedExampleDatabase('/home/vpayno/git_vpayno/hackerrank-workspace/tutorials/30-days-of-code/day-14-scope/.hypothesis/examples')
rootdir: /home/vpayno/git_vpayno/hackerrank-workspace/tutorials/30-days-of-code/day-14-scope
plugins: anyio-3.5.0, hypothesis-6.39.4, pylama-8.3.8, typeguard-2.13.3, cov-3.0.0, subprocess-1.4.1
collecting ... collected 12 items

src/test/test_main.py::test_difference_class[3-numbers0-expected0] PASSED [  8%]
src/test/test_main.py::test_difference_class[5-numbers1-expected1] PASSED [ 16%]
src/test/test_main.py::test_difference_class[5-numbers2-expected2] PASSED [ 25%]
src/test/test_main.py::test_method_without_input[3-numbers0-expected0] PASSED [ 33%]
src/test/test_main.py::test_method_without_input[5-numbers1-expected1] PASSED [ 41%]
src/test/test_main.py::test_method_without_input[5-numbers2-expected2] PASSED [ 50%]
src/test/test_main.py::test_method_with_input[3-numbers0-expected0] PASSED [ 58%]
src/test/test_main.py::test_method_with_input[5-numbers1-expected1] PASSED [ 66%]
src/test/test_main.py::test_method_with_input[5-numbers2-expected2] PASSED [ 75%]
src/test/test_main.py::test_script[3-numbers0-expected0] PASSED          [ 83%]
src/test/test_main.py::test_script[5-numbers1-expected1] PASSED          [ 91%]
src/test/test_main.py::test_script[5-numbers2-expected2] PASSED          [100%]

---------- coverage: platform linux, python 3.10.3-final-0 -----------
Name                        Stmts   Miss Branch BrPart  Cover
-------------------------------------------------------------
src/challenge/__init__.py       0      0      0      0   100%
src/challenge/main.py          44      0     12      0   100%
src/test/__init__.py            0      0      0      0   100%
src/test/test_main.py          71      0     26      0   100%
-------------------------------------------------------------
TOTAL                         115      0     38      0   100%


============================== 12 passed in 1.95s ==============================

real	0m4.001s
user	0m3.891s
sys	0m0.604s

Running: spackle
Name                        Stmts   Miss Branch BrPart  Cover   Missing
-----------------------------------------------------------------------
src/challenge/__init__.py       0      0      0      0   100%
src/challenge/main.py          44      0     12      0   100%
src/test/__init__.py            0      0      0      0   100%
src/test/test_main.py          71      0     26      0   100%
-----------------------------------------------------------------------
TOTAL                         115      0     38      0   100%

real	0m0.231s
user	0m0.183s
sys	0m0.048s

Running: coverage json --pretty-print
Wrote JSON report to coverage.json

real	0m0.182s
user	0m0.150s
sys	0m0.032s

