Running: pytest --verbose --cov-report term --cov=. --cov-report=term-missing --cov-report=xml:.coverage.xml --cov-branch -p no:randomly
============================= test session starts ==============================
platform linux -- Python 3.10.4, pytest-7.1.2, pluggy-1.0.0 -- /home/vpayno/.pyenv/versions/3.10.4/bin/python
cachedir: .pytest_cache
hypothesis profile 'default' -> database=DirectoryBasedExampleDatabase('/home/vpayno/git_vpayno/hackerrank-workspace/tutorials/30-days-of-code/day-12-inheritance/python3/.hypothesis/examples')
rootdir: /home/vpayno/git_vpayno/hackerrank-workspace/tutorials/30-days-of-code/day-12-inheritance/python3
plugins: pylama-8.3.8, typeguard-2.13.3, cov-3.0.0, subprocess-1.4.1, betamax-0.8.1, anyio-3.6.1, hypothesis-6.46.3, datafiles-2.0.1, xonsh-0.12.4
collecting ... collected 33 items

src/test/test_main.py::test_method_without_input[data0-scores0-expected0] PASSED [  3%]
src/test/test_main.py::test_method_without_input[data1-scores1-expected1] PASSED [  6%]
src/test/test_main.py::test_method_without_input[data2-scores2-expected2] PASSED [  9%]
src/test/test_main.py::test_method_without_input[data3-scores3-expected3] PASSED [ 12%]
src/test/test_main.py::test_method_without_input[data4-scores4-expected4] PASSED [ 15%]
src/test/test_main.py::test_method_without_input[data5-scores5-expected5] PASSED [ 18%]
src/test/test_main.py::test_method_without_input[data6-scores6-expected6] PASSED [ 21%]
src/test/test_main.py::test_method_without_input[data7-scores7-expected7] PASSED [ 24%]
src/test/test_main.py::test_method_without_input[data8-scores8-expected8] PASSED [ 27%]
src/test/test_main.py::test_method_without_input[data9-scores9-expected9] PASSED [ 30%]
src/test/test_main.py::test_method_without_input[data10-scores10-expected10] PASSED [ 33%]
src/test/test_main.py::test_method_with_input[data0-scores0-expected0] PASSED [ 36%]
src/test/test_main.py::test_method_with_input[data1-scores1-expected1] PASSED [ 39%]
src/test/test_main.py::test_method_with_input[data2-scores2-expected2] PASSED [ 42%]
src/test/test_main.py::test_method_with_input[data3-scores3-expected3] PASSED [ 45%]
src/test/test_main.py::test_method_with_input[data4-scores4-expected4] PASSED [ 48%]
src/test/test_main.py::test_method_with_input[data5-scores5-expected5] PASSED [ 51%]
src/test/test_main.py::test_method_with_input[data6-scores6-expected6] PASSED [ 54%]
src/test/test_main.py::test_method_with_input[data7-scores7-expected7] PASSED [ 57%]
src/test/test_main.py::test_method_with_input[data8-scores8-expected8] PASSED [ 60%]
src/test/test_main.py::test_method_with_input[data9-scores9-expected9] PASSED [ 63%]
src/test/test_main.py::test_method_with_input[data10-scores10-expected10] PASSED [ 66%]
src/test/test_main.py::test_script[data0-scores0-expected0] PASSED       [ 69%]
src/test/test_main.py::test_script[data1-scores1-expected1] PASSED       [ 72%]
src/test/test_main.py::test_script[data2-scores2-expected2] PASSED       [ 75%]
src/test/test_main.py::test_script[data3-scores3-expected3] PASSED       [ 78%]
src/test/test_main.py::test_script[data4-scores4-expected4] PASSED       [ 81%]
src/test/test_main.py::test_script[data5-scores5-expected5] PASSED       [ 84%]
src/test/test_main.py::test_script[data6-scores6-expected6] PASSED       [ 87%]
src/test/test_main.py::test_script[data7-scores7-expected7] PASSED       [ 90%]
src/test/test_main.py::test_script[data8-scores8-expected8] PASSED       [ 93%]
src/test/test_main.py::test_script[data9-scores9-expected9] PASSED       [ 96%]
src/test/test_main.py::test_script[data10-scores10-expected10] PASSED    [100%]

---------- coverage: platform linux, python 3.10.4-final-0 -----------
Name                        Stmts   Miss Branch BrPart  Cover   Missing
-----------------------------------------------------------------------
src/challenge/__init__.py       0      0      0      0   100%
src/challenge/main.py          77      0     28      0   100%
src/test/__init__.py            0      0      0      0   100%
src/test/test_main.py          99      0     34      3    98%   57->exit, 74->exit, 79->exit
-----------------------------------------------------------------------
TOTAL                         176      0     62      3    99%
Coverage XML written to file .coverage.xml


============================== 33 passed in 5.97s ==============================

real	0m9.220s
user	0m8.397s
sys	0m1.440s

Running: spackle
Name                        Stmts   Miss Branch BrPart  Cover   Missing
-----------------------------------------------------------------------
src/challenge/__init__.py       0      0      0      0   100%
src/challenge/main.py          77      0     28      0   100%
src/test/__init__.py            0      0      0      0   100%
src/test/test_main.py          99      0     34      3    98%   57->exit, 74->exit, 79->exit
-----------------------------------------------------------------------
TOTAL                         176      0     62      3    99%

real	0m0.258s
user	0m0.228s
sys	0m0.032s

Running: coverage json --pretty-print -o .coverage.json
Wrote JSON report to .coverage.json

real	0m0.296s
user	0m0.257s
sys	0m0.038s

Running: coverage report --show-missing
Name                        Stmts   Miss Branch BrPart  Cover   Missing
-----------------------------------------------------------------------
src/challenge/__init__.py       0      0      0      0   100%
src/challenge/main.py          77      0     28      0   100%
src/test/__init__.py            0      0      0      0   100%
src/test/test_main.py          99      0     34      3    98%   57->exit, 74->exit, 79->exit
-----------------------------------------------------------------------
TOTAL                         176      0     62      3    99%

real	0m0.285s
user	0m0.252s
sys	0m0.033s

Running: pycobertura show .coverage.xml
Filename                     Stmts    Miss  Cover    Missing
-------------------------  -------  ------  -------  ---------
src/challenge/__init__.py        0       0  100.00%
src/challenge/main.py           77       0  100.00%
src/test/__init__.py             0       0  100.00%
src/test/test_main.py           99       0  100.00%
TOTAL                          176       0  100.00%

real	0m0.308s
user	0m0.270s
sys	0m0.039s

