Running: pytest --verbose --cov-report term --cov=. --cov-branch
============================= test session starts ==============================
platform linux -- Python 3.10.3, pytest-7.1.1, pluggy-1.0.0 -- /home/vpayno/.pyenv/versions/3.10.3/bin/python3.10
cachedir: .pytest_cache
hypothesis profile 'default' -> database=DirectoryBasedExampleDatabase('/home/vpayno/git_vpayno/hackerrank-workspace/tutorials/30-days-of-code/day-08-dictionaries_and_maps/.hypothesis/examples')
rootdir: /home/vpayno/git_vpayno/hackerrank-workspace/tutorials/30-days-of-code/day-08-dictionaries_and_maps
plugins: anyio-3.5.0, hypothesis-6.39.4, pylama-8.3.8, typeguard-2.13.3, cov-3.0.0, subprocess-1.4.1
collecting ... collected 6 items

src/test/test_main.py::test_method_with_input[1-data0-names0-expected0] PASSED [ 16%]
src/test/test_main.py::test_method_with_input[3-data1-names1-expected1] PASSED [ 33%]
src/test/test_main.py::test_method_with_input[5-data2-names2-expected2] PASSED [ 50%]
src/test/test_main.py::test_script[1-data0-names0-expected0] PASSED      [ 66%]
src/test/test_main.py::test_script[3-data1-names1-expected1] PASSED      [ 83%]
src/test/test_main.py::test_script[5-data2-names2-expected2] PASSED      [100%]

---------- coverage: platform linux, python 3.10.3-final-0 -----------
Name                        Stmts   Miss Branch BrPart  Cover
-------------------------------------------------------------
src/challenge/__init__.py       0      0      0      0   100%
src/challenge/main.py          41      0      8      0   100%
src/test/__init__.py            0      0      0      0   100%
src/test/test_main.py          51      0     15      0   100%
-------------------------------------------------------------
TOTAL                          92      0     23      0   100%


============================== 6 passed in 2.60s ===============================

real	0m4.978s
user	0m4.703s
sys	0m0.786s

Running: spackle
Name                        Stmts   Miss Branch BrPart  Cover   Missing
-----------------------------------------------------------------------
src/challenge/__init__.py       0      0      0      0   100%
src/challenge/main.py          41      0      8      0   100%
src/test/__init__.py            0      0      0      0   100%
src/test/test_main.py          51      0     15      0   100%
-----------------------------------------------------------------------
TOTAL                          92      0     23      0   100%

real	0m0.274s
user	0m0.076s
sys	0m0.018s

Running: coverage json --pretty-print
Wrote JSON report to coverage.json

real	0m0.284s
user	0m0.246s
sys	0m0.038s

