Running: pytest --verbose --cov-report term --cov=. --cov-branch
============================= test session starts ==============================
platform linux -- Python 3.10.2, pytest-7.1.1, pluggy-1.0.0 -- /home/vpayno/.pyenv/versions/3.10.2/bin/python
cachedir: .pytest_cache
hypothesis profile 'default' -> database=DirectoryBasedExampleDatabase('/home/vpayno/git_vpayno/hackerrank-workspace/tutorials/30-days-of-code/day-00-hello_world/.hypothesis/examples')
rootdir: /home/vpayno/git_vpayno/hackerrank-workspace/tutorials/30-days-of-code/day-00-hello_world
plugins: anyio-3.5.0, typeguard-2.13.3, cov-3.0.0, hypothesis-6.39.4, pylama-8.3.8, subprocess-1.4.1
collecting ... collected 5 items

src/test/test_hello_world.py::test_class_init PASSED                     [ 20%]
src/test/test_hello_world.py::test_class_str PASSED                      [ 40%]
src/test/test_hello_world.py::test_method_without_input[Hello pytest!-Let's run some tests!-expected0] PASSED [ 60%]
src/test/test_hello_world.py::test_method_with_input[Hello pytest!-Let's run some tests!-expected0] PASSED [ 80%]
src/test/test_hello_world.py::test_script[Let's run some tests!-expected0] PASSED [100%]

---------- coverage: platform linux, python 3.10.2-final-0 -----------
Name                           Stmts   Miss Branch BrPart  Cover
----------------------------------------------------------------
src/challenge/__init__.py          0      0      0      0   100%
src/challenge/hello_world.py      19      0      4      0   100%
src/test/__init__.py               0      0      0      0   100%
src/test/test_hello_world.py      40      0      7      0   100%
----------------------------------------------------------------
TOTAL                             59      0     11      0   100%


============================== 5 passed in 1.21s ===============================

real	0m3.648s
user	0m3.530s
sys	0m0.584s

Running: spackle
Name                           Stmts   Miss Branch BrPart  Cover   Missing
--------------------------------------------------------------------------
src/challenge/__init__.py          0      0      0      0   100%
src/challenge/hello_world.py      19      0      4      0   100%
src/test/__init__.py               0      0      0      0   100%
src/test/test_hello_world.py      40      0      7      0   100%
--------------------------------------------------------------------------
TOTAL                             59      0     11      0   100%

real	0m0.298s
user	0m0.263s
sys	0m0.044s

