Running: pytest --verbose --cov-report term --cov=. --cov-branch -p no:randomly
============================= test session starts ==============================
platform linux -- Python 3.10.4, pytest-7.1.1, pluggy-1.0.0 -- /home/vpayno/.pyenv/versions/3.10.4/bin/python3.10
cachedir: .pytest_cache
hypothesis profile 'default' -> database=DirectoryBasedExampleDatabase('/home/vpayno/git_vpayno/hackerrank-workspace/tutorials/30-days-of-code/day-22-binary_search_trees/.hypothesis/examples')
rootdir: /home/vpayno/git_vpayno/hackerrank-workspace/tutorials/30-days-of-code/day-22-binary_search_trees
plugins: anyio-3.5.0, hypothesis-6.41.0, pylama-8.3.8, typeguard-2.13.3, cov-3.0.0, subprocess-1.4.1, betamax-0.8.1, datafiles-2.0
collecting ... collected 4 items

src/test/test_main.py::test_method_without_input[7-numbers0-expected0] PASSED [ 25%]
src/test/test_main.py::test_method_with_input[7-numbers0-expected0] PASSED [ 50%]
src/test/test_main.py::test_script_with_file_fixtures PASSED             [ 75%]
src/test/test_main.py::test_script_with_parametrize[7-numbers0-expected0] PASSED [100%]

---------- coverage: platform linux, python 3.10.4-final-0 -----------
Name                        Stmts   Miss Branch BrPart  Cover
-------------------------------------------------------------
src/challenge/__init__.py       0      0      0      0   100%
src/challenge/main.py          62      0     22      0   100%
src/test/__init__.py            0      0      0      0   100%
src/test/test_main.py          95      0     32      0   100%
-------------------------------------------------------------
TOTAL                         157      0     54      0   100%


============================== 4 passed in 1.81s ===============================

real	0m4.402s
user	0m4.157s
sys	0m0.724s

Running: spackle
Name                        Stmts   Miss Branch BrPart  Cover   Missing
-----------------------------------------------------------------------
src/challenge/__init__.py       0      0      0      0   100%
src/challenge/main.py          62      0     22      0   100%
src/test/__init__.py            0      0      0      0   100%
src/test/test_main.py          95      0     32      0   100%
-----------------------------------------------------------------------
TOTAL                         157      0     54      0   100%

real	0m0.259s
user	0m0.220s
sys	0m0.033s

Running: coverage json --pretty-print
Wrote JSON report to coverage.json

real	0m0.215s
user	0m0.180s
sys	0m0.034s

mv -v coverage.json .coverage.json
renamed 'coverage.json' -> '.coverage.json'

real	0m0.005s
user	0m0.000s
sys	0m0.006s

