Running: pytest --verbose --cov-report term --cov=. --cov-report=term-missing --cov-report=xml:.coverage.xml --cov-branch -p no:randomly
============================= test session starts ==============================
platform linux -- Python 3.10.4, pytest-7.1.2, pluggy-1.0.0 -- /home/vpayno/.pyenv/versions/3.10.4/bin/python
cachedir: .pytest_cache
hypothesis profile 'default' -> database=DirectoryBasedExampleDatabase('/home/vpayno/git_vpayno/hackerrank-workspace/tutorials/30-days-of-code/day-29-bitwise_and/python3/.hypothesis/examples')
rootdir: /home/vpayno/git_vpayno/hackerrank-workspace/tutorials/30-days-of-code/day-29-bitwise_and/python3
plugins: pylama-8.3.8, typeguard-2.13.3, cov-3.0.0, subprocess-1.4.1, betamax-0.8.1, anyio-3.6.1, hypothesis-6.46.3, datafiles-2.0.1, xonsh-0.12.4
collecting ... collected 5 items

src/test/test_main.py::test_write_output_file PASSED                     [ 20%]
src/test/test_main.py::test_method_without_input[3-data0-expected0] PASSED [ 40%]
src/test/test_main.py::test_method_with_input[3-data0-expected0] PASSED  [ 60%]
src/test/test_main.py::test_script_with_file_fixtures PASSED             [ 80%]
src/test/test_main.py::test_script_with_parametrize[3-data0-expected0] PASSED [100%]

---------- coverage: platform linux, python 3.10.4-final-0 -----------
Name                        Stmts   Miss Branch BrPart  Cover   Missing
-----------------------------------------------------------------------
src/challenge/__init__.py       0      0      0      0   100%
src/challenge/main.py          58      0     28      0   100%
src/test/__init__.py            0      0      0      0   100%
src/test/test_main.py         109      0     42      0   100%
-----------------------------------------------------------------------
TOTAL                         167      0     70      0   100%
Coverage XML written to file .coverage.xml


============================== 5 passed in 47.91s ==============================

real	0m53.281s
user	0m51.615s
sys	0m1.638s

Running: spackle
Name                        Stmts   Miss Branch BrPart  Cover   Missing
-----------------------------------------------------------------------
src/challenge/__init__.py       0      0      0      0   100%
src/challenge/main.py          58      0     28      0   100%
src/test/__init__.py            0      0      0      0   100%
src/test/test_main.py         109      0     42      0   100%
-----------------------------------------------------------------------
TOTAL                         167      0     70      0   100%

real	0m0.256s
user	0m0.067s
sys	0m0.018s

Running: coverage json --pretty-print -o .coverage.json
Wrote JSON report to .coverage.json

real	0m0.384s
user	0m0.344s
sys	0m0.039s

Running: coverage report --show-missing
Name                        Stmts   Miss Branch BrPart  Cover   Missing
-----------------------------------------------------------------------
src/challenge/__init__.py       0      0      0      0   100%
src/challenge/main.py          58      0     28      0   100%
src/test/__init__.py            0      0      0      0   100%
src/test/test_main.py         109      0     42      0   100%
-----------------------------------------------------------------------
TOTAL                         167      0     70      0   100%

real	0m0.273s
user	0m0.238s
sys	0m0.035s

Running: pycobertura show .coverage.xml
Filename                     Stmts    Miss  Cover    Missing
-------------------------  -------  ------  -------  ---------
src/challenge/__init__.py        0       0  100.00%
src/challenge/main.py           58       0  100.00%
src/test/__init__.py             0       0  100.00%
src/test/test_main.py          109       0  100.00%
TOTAL                          167       0  100.00%

real	0m0.294s
user	0m0.218s
sys	0m0.040s

