{
    "meta": {
        "version": "6.3.2",
        "timestamp": "2022-03-25T20:59:17.096524",
        "branch_coverage": true,
        "show_contexts": false
    },
    "files": {
        "src/challenge/__init__.py": {
            "executed_lines": [
                1
            ],
            "summary": {
                "covered_lines": 0,
                "num_statements": 0,
                "percent_covered": 100.0,
                "percent_covered_display": "100",
                "missing_lines": 0,
                "excluded_lines": 0,
                "num_branches": 0,
                "num_partial_branches": 0,
                "covered_branches": 0,
                "missing_branches": 0
            },
            "missing_lines": [],
            "excluded_lines": []
        },
        "src/challenge/main.py": {
            "executed_lines": [
                2,
                8,
                10,
                12,
                15,
                16,
                20,
                22,
                24,
                26,
                27,
                29,
                31,
                36,
                37,
                39,
                41,
                44,
                46,
                47,
                49,
                50,
                51,
                53,
                54,
                56,
                58,
                60,
                63,
                65,
                70,
                72,
                74,
                77,
                79,
                81
            ],
            "summary": {
                "covered_lines": 32,
                "num_statements": 32,
                "percent_covered": 100.0,
                "percent_covered_display": "100",
                "missing_lines": 0,
                "excluded_lines": 3,
                "num_branches": 8,
                "num_partial_branches": 0,
                "covered_branches": 8,
                "missing_branches": 0
            },
            "missing_lines": [],
            "excluded_lines": [
                77,
                79,
                81
            ]
        },
        "src/test/__init__.py": {
            "executed_lines": [
                1
            ],
            "summary": {
                "covered_lines": 0,
                "num_statements": 0,
                "percent_covered": 100.0,
                "percent_covered_display": "100",
                "missing_lines": 0,
                "excluded_lines": 0,
                "num_branches": 0,
                "num_partial_branches": 0,
                "covered_branches": 0,
                "missing_branches": 0
            },
            "missing_lines": [],
            "excluded_lines": []
        },
        "src/test/test_main.py": {
            "executed_lines": [
                2,
                8,
                9,
                10,
                11,
                12,
                14,
                15,
                18,
                20,
                32,
                35,
                36,
                42,
                44,
                45,
                47,
                49,
                52,
                53,
                55,
                56,
                58,
                59,
                62,
                63,
                69,
                71,
                72,
                74,
                76,
                79,
                80,
                82,
                83,
                85,
                86,
                87,
                90,
                91,
                94,
                96,
                106,
                107,
                111,
                112,
                113,
                114,
                115,
                117
            ],
            "summary": {
                "covered_lines": 50,
                "num_statements": 50,
                "percent_covered": 100.0,
                "percent_covered_display": "100",
                "missing_lines": 0,
                "excluded_lines": 0,
                "num_branches": 18,
                "num_partial_branches": 0,
                "covered_branches": 18,
                "missing_branches": 0
            },
            "missing_lines": [],
            "excluded_lines": []
        }
    },
    "totals": {
        "covered_lines": 82,
        "num_statements": 82,
        "percent_covered": 100.0,
        "percent_covered_display": "100",
        "missing_lines": 0,
        "excluded_lines": 3,
        "num_branches": 26,
        "num_partial_branches": 0,
        "covered_branches": 26,
        "missing_branches": 0
    }
}