Running: pytest --verbose --cov-report term --cov=. --cov-report=term-missing --cov-report=xml:.coverage.xml --cov-branch -p no:randomly
============================= test session starts ==============================
platform linux -- Python 3.10.4, pytest-7.1.2, pluggy-1.0.0 -- /home/vpayno/.pyenv/versions/3.10.4/bin/python
cachedir: .pytest_cache
hypothesis profile 'default' -> database=DirectoryBasedExampleDatabase('/home/vpayno/git_vpayno/hackerrank-workspace/tutorials/30-days-of-code/day-20-sorting/python3/.hypothesis/examples')
rootdir: /home/vpayno/git_vpayno/hackerrank-workspace/tutorials/30-days-of-code/day-20-sorting/python3
plugins: pylama-8.3.8, typeguard-2.13.3, cov-3.0.0, subprocess-1.4.1, betamax-0.8.1, anyio-3.6.1, hypothesis-6.46.3, datafiles-2.0.1, xonsh-0.12.4
collecting ... collected 12 items

src/test/test_main.py::test_method_without_input[numbers0-expected0] PASSED [  8%]
src/test/test_main.py::test_method_without_input[numbers1-expected1] PASSED [ 16%]
src/test/test_main.py::test_method_without_input[numbers2-expected2] PASSED [ 25%]
src/test/test_main.py::test_method_without_input[numbers3-expected3] PASSED [ 33%]
src/test/test_main.py::test_method_with_input[numbers0-expected0] PASSED [ 41%]
src/test/test_main.py::test_method_with_input[numbers1-expected1] PASSED [ 50%]
src/test/test_main.py::test_method_with_input[numbers2-expected2] PASSED [ 58%]
src/test/test_main.py::test_method_with_input[numbers3-expected3] PASSED [ 66%]
src/test/test_main.py::test_script[numbers0-expected0] PASSED            [ 75%]
src/test/test_main.py::test_script[numbers1-expected1] PASSED            [ 83%]
src/test/test_main.py::test_script[numbers2-expected2] PASSED            [ 91%]
src/test/test_main.py::test_script[numbers3-expected3] PASSED            [100%]

---------- coverage: platform linux, python 3.10.4-final-0 -----------
Name                        Stmts   Miss Branch BrPart  Cover   Missing
-----------------------------------------------------------------------
src/challenge/__init__.py       0      0      0      0   100%
src/challenge/main.py          41      0     14      0   100%
src/test/__init__.py            0      0      0      0   100%
src/test/test_main.py          75      0     20      0   100%
-----------------------------------------------------------------------
TOTAL                         116      0     34      0   100%
Coverage XML written to file .coverage.xml


============================== 12 passed in 3.07s ==============================

real	0m6.416s
user	0m5.933s
sys	0m1.060s

Running: spackle
Name                        Stmts   Miss Branch BrPart  Cover   Missing
-----------------------------------------------------------------------
src/challenge/__init__.py       0      0      0      0   100%
src/challenge/main.py          41      0     14      0   100%
src/test/__init__.py            0      0      0      0   100%
src/test/test_main.py          75      0     20      0   100%
-----------------------------------------------------------------------
TOTAL                         116      0     34      0   100%

real	0m0.247s
user	0m0.059s
sys	0m0.028s

Running: coverage json --pretty-print -o .coverage.json
Wrote JSON report to .coverage.json

real	0m0.188s
user	0m0.171s
sys	0m0.019s

Running: coverage report --show-missing
Name                        Stmts   Miss Branch BrPart  Cover   Missing
-----------------------------------------------------------------------
src/challenge/__init__.py       0      0      0      0   100%
src/challenge/main.py          41      0     14      0   100%
src/test/__init__.py            0      0      0      0   100%
src/test/test_main.py          75      0     20      0   100%
-----------------------------------------------------------------------
TOTAL                         116      0     34      0   100%

real	0m0.181s
user	0m0.161s
sys	0m0.022s

Running: pycobertura show .coverage.xml
Filename                     Stmts    Miss  Cover    Missing
-------------------------  -------  ------  -------  ---------
src/challenge/__init__.py        0       0  100.00%
src/challenge/main.py           41       0  100.00%
src/test/__init__.py             0       0  100.00%
src/test/test_main.py           75       0  100.00%
TOTAL                          116       0  100.00%

real	0m0.301s
user	0m0.238s
sys	0m0.037s

