Running: pytest --verbose --cov-report term --cov=. --cov-report=term-missing --cov-report=xml:.coverage.xml --cov-branch -p no:randomly
============================= test session starts ==============================
platform linux -- Python 3.10.4, pytest-7.1.2, pluggy-1.0.0 -- /home/vpayno/.pyenv/versions/3.10.4/bin/python
cachedir: .pytest_cache
hypothesis profile 'default' -> database=DirectoryBasedExampleDatabase('/home/vpayno/git_vpayno/hackerrank-workspace/tutorials/30-days-of-code/day-28-regex_patterns_intro_to_databases/python3/.hypothesis/examples')
rootdir: /home/vpayno/git_vpayno/hackerrank-workspace/tutorials/30-days-of-code/day-28-regex_patterns_intro_to_databases/python3
plugins: pylama-8.3.8, typeguard-2.13.3, cov-3.0.0, subprocess-1.4.1, betamax-0.8.1, anyio-3.6.1, hypothesis-6.46.3, datafiles-2.0.1, xonsh-0.12.4
collecting ... collected 3 items

src/test/test_main.py::test_method_without_input[6-data0-expected0] PASSED [ 33%]
src/test/test_main.py::test_method_with_input[6-data0-expected0] PASSED  [ 66%]
src/test/test_main.py::test_script[6-data0-expected0] PASSED             [100%]

---------- coverage: platform linux, python 3.10.4-final-0 -----------
Name                        Stmts   Miss Branch BrPart  Cover   Missing
-----------------------------------------------------------------------
src/challenge/__init__.py       0      0      0      0   100%
src/challenge/main.py          44      0     14      0   100%
src/test/__init__.py            0      0      0      0   100%
src/test/test_main.py          69      0     12      0   100%
-----------------------------------------------------------------------
TOTAL                         113      0     26      0   100%
Coverage XML written to file .coverage.xml


============================== 3 passed in 2.42s ===============================

real	0m6.111s
user	0m5.204s
sys	0m0.988s

Running: spackle
Name                        Stmts   Miss Branch BrPart  Cover   Missing
-----------------------------------------------------------------------
src/challenge/__init__.py       0      0      0      0   100%
src/challenge/main.py          44      0     14      0   100%
src/test/__init__.py            0      0      0      0   100%
src/test/test_main.py          69      0     12      0   100%
-----------------------------------------------------------------------
TOTAL                         113      0     26      0   100%

real	0m0.285s
user	0m0.250s
sys	0m0.038s

Running: coverage json --pretty-print -o .coverage.json
Wrote JSON report to .coverage.json

real	0m0.206s
user	0m0.182s
sys	0m0.025s

Running: coverage report --show-missing
Name                        Stmts   Miss Branch BrPart  Cover   Missing
-----------------------------------------------------------------------
src/challenge/__init__.py       0      0      0      0   100%
src/challenge/main.py          44      0     14      0   100%
src/test/__init__.py            0      0      0      0   100%
src/test/test_main.py          69      0     12      0   100%
-----------------------------------------------------------------------
TOTAL                         113      0     26      0   100%

real	0m0.205s
user	0m0.180s
sys	0m0.026s

Running: pycobertura show .coverage.xml
Filename                     Stmts    Miss  Cover    Missing
-------------------------  -------  ------  -------  ---------
src/challenge/__init__.py        0       0  100.00%
src/challenge/main.py           44       0  100.00%
src/test/__init__.py             0       0  100.00%
src/test/test_main.py           69       0  100.00%
TOTAL                          113       0  100.00%

real	0m0.257s
user	0m0.179s
sys	0m0.036s

