Running: pytest --verbose --cov-report term --cov=. --cov-branch
============================= test session starts ==============================
platform linux -- Python 3.10.3, pytest-7.1.1, pluggy-1.0.0 -- /home/vpayno/.pyenv/versions/3.10.3/bin/python3.10
cachedir: .pytest_cache
hypothesis profile 'default' -> database=DirectoryBasedExampleDatabase('/home/vpayno/git_vpayno/hackerrank-workspace/tutorials/30-days-of-code/day-09-recursion/.hypothesis/examples')
rootdir: /home/vpayno/git_vpayno/hackerrank-workspace/tutorials/30-days-of-code/day-09-recursion
plugins: anyio-3.5.0, hypothesis-6.39.4, pylama-8.3.8, typeguard-2.13.3, cov-3.0.0, subprocess-1.4.1
collecting ... collected 9 items

src/test/test_main.py::test_method_without_input[3-expected0] PASSED     [ 11%]
src/test/test_main.py::test_method_without_input[6-expected1] PASSED     [ 22%]
src/test/test_main.py::test_method_without_input[9-expected2] PASSED     [ 33%]
src/test/test_main.py::test_method_with_input[3-expected0] PASSED        [ 44%]
src/test/test_main.py::test_method_with_input[6-expected1] PASSED        [ 55%]
src/test/test_main.py::test_method_with_input[9-expected2] PASSED        [ 66%]
src/test/test_main.py::test_script[3-expected0] PASSED                   [ 77%]
src/test/test_main.py::test_script[6-expected1] PASSED                   [ 88%]
src/test/test_main.py::test_script[9-expected2] PASSED                   [100%]

---------- coverage: platform linux, python 3.10.3-final-0 -----------
Name                        Stmts   Miss Branch BrPart  Cover
-------------------------------------------------------------
src/challenge/__init__.py       0      0      0      0   100%
src/challenge/main.py          38      0     10      0   100%
src/test/__init__.py            0      0      0      0   100%
src/test/test_main.py          50      0     18      1    99%
-------------------------------------------------------------
TOTAL                          88      0     28      1    99%


============================== 9 passed in 2.22s ===============================

real	0m4.763s
user	0m4.491s
sys	0m0.766s

Running: spackle
Name                        Stmts   Miss Branch BrPart  Cover   Missing
-----------------------------------------------------------------------
src/challenge/__init__.py       0      0      0      0   100%
src/challenge/main.py          38      0     10      0   100%
src/test/__init__.py            0      0      0      0   100%
src/test/test_main.py          50      0     18      1    99%   38->exit
-----------------------------------------------------------------------
TOTAL                          88      0     28      1    99%

real	0m0.341s
user	0m0.279s
sys	0m0.051s

Running: coverage json --pretty-print
Wrote JSON report to coverage.json

real	0m0.218s
user	0m0.189s
sys	0m0.029s

