Running: pytest --verbose --cov-report term --cov=. --cov-report=term-missing --cov-report=xml:.coverage.xml --cov-branch -p no:randomly
============================= test session starts ==============================
platform linux -- Python 3.10.4, pytest-7.1.2, pluggy-1.0.0 -- /home/vpayno/.pyenv/versions/3.10.4/bin/python
cachedir: .pytest_cache
hypothesis profile 'default' -> database=DirectoryBasedExampleDatabase('/home/vpayno/git_vpayno/hackerrank-workspace/tutorials/30-days-of-code/day-23-bts_level_order_traversal/python3/.hypothesis/examples')
rootdir: /home/vpayno/git_vpayno/hackerrank-workspace/tutorials/30-days-of-code/day-23-bts_level_order_traversal/python3
plugins: pylama-8.3.8, typeguard-2.13.3, cov-3.0.0, subprocess-1.4.1, betamax-0.8.1, anyio-3.6.1, hypothesis-6.46.3, datafiles-2.0.1, xonsh-0.12.4
collecting ... collected 9 items

src/test/test_main.py::test_method_without_input[0-numbers0-expected0] PASSED [ 11%]
src/test/test_main.py::test_method_without_input[6-numbers1-expected1] PASSED [ 22%]
src/test/test_main.py::test_method_without_input[13-numbers2-expected2] PASSED [ 33%]
src/test/test_main.py::test_method_with_input[0-numbers0-expected0] PASSED [ 44%]
src/test/test_main.py::test_method_with_input[6-numbers1-expected1] PASSED [ 55%]
src/test/test_main.py::test_method_with_input[13-numbers2-expected2] PASSED [ 66%]
src/test/test_main.py::test_script_with_parametrize[0-numbers0-expected0] PASSED [ 77%]
src/test/test_main.py::test_script_with_parametrize[6-numbers1-expected1] PASSED [ 88%]
src/test/test_main.py::test_script_with_parametrize[13-numbers2-expected2] PASSED [100%]

---------- coverage: platform linux, python 3.10.4-final-0 -----------
Name                        Stmts   Miss Branch BrPart  Cover   Missing
-----------------------------------------------------------------------
src/challenge/__init__.py       0      0      0      0   100%
src/challenge/main.py          75      0     26      0   100%
src/test/__init__.py            0      0      0      0   100%
src/test/test_main.py          69      0     16      0   100%
-----------------------------------------------------------------------
TOTAL                         144      0     42      0   100%
Coverage XML written to file .coverage.xml


============================== 9 passed in 3.57s ===============================

real	0m7.358s
user	0m6.151s
sys	0m1.280s

Running: spackle
Name                        Stmts   Miss Branch BrPart  Cover   Missing
-----------------------------------------------------------------------
src/challenge/__init__.py       0      0      0      0   100%
src/challenge/main.py          75      0     26      0   100%
src/test/__init__.py            0      0      0      0   100%
src/test/test_main.py          69      0     16      0   100%
-----------------------------------------------------------------------
TOTAL                         144      0     42      0   100%

real	0m0.345s
user	0m0.294s
sys	0m0.046s

Running: coverage json --pretty-print -o .coverage.json
Wrote JSON report to .coverage.json

real	0m0.230s
user	0m0.205s
sys	0m0.028s

Running: coverage report --show-missing
Name                        Stmts   Miss Branch BrPart  Cover   Missing
-----------------------------------------------------------------------
src/challenge/__init__.py       0      0      0      0   100%
src/challenge/main.py          75      0     26      0   100%
src/test/__init__.py            0      0      0      0   100%
src/test/test_main.py          69      0     16      0   100%
-----------------------------------------------------------------------
TOTAL                         144      0     42      0   100%

real	0m0.195s
user	0m0.171s
sys	0m0.025s

Running: pycobertura show .coverage.xml
Filename                     Stmts    Miss  Cover    Missing
-------------------------  -------  ------  -------  ---------
src/challenge/__init__.py        0       0  100.00%
src/challenge/main.py           75       0  100.00%
src/test/__init__.py             0       0  100.00%
src/test/test_main.py           69       0  100.00%
TOTAL                          144       0  100.00%

real	0m0.266s
user	0m0.192s
sys	0m0.035s

