Running: pytest --verbose --cov-report term --cov=. --cov-report=term-missing --cov-report=xml:.coverage.xml --cov-branch -p no:randomly
============================= test session starts ==============================
platform linux -- Python 3.10.4, pytest-7.1.2, pluggy-1.0.0 -- /home/vpayno/.pyenv/versions/3.10.4/bin/python
cachedir: .pytest_cache
hypothesis profile 'default' -> database=DirectoryBasedExampleDatabase('/home/vpayno/git_vpayno/hackerrank-workspace/tutorials/30-days-of-code/day-09-recursion/python3/.hypothesis/examples')
rootdir: /home/vpayno/git_vpayno/hackerrank-workspace/tutorials/30-days-of-code/day-09-recursion/python3
plugins: pylama-8.3.8, typeguard-2.13.3, cov-3.0.0, subprocess-1.4.1, betamax-0.8.1, anyio-3.6.1, hypothesis-6.46.3, datafiles-2.0.1, xonsh-0.12.4
collecting ... collected 9 items

src/test/test_main.py::test_method_without_input[3-expected0] PASSED     [ 11%]
src/test/test_main.py::test_method_without_input[6-expected1] PASSED     [ 22%]
src/test/test_main.py::test_method_without_input[9-expected2] PASSED     [ 33%]
src/test/test_main.py::test_method_with_input[3-expected0] PASSED        [ 44%]
src/test/test_main.py::test_method_with_input[6-expected1] PASSED        [ 55%]
src/test/test_main.py::test_method_with_input[9-expected2] PASSED        [ 66%]
src/test/test_main.py::test_script[3-expected0] PASSED                   [ 77%]
src/test/test_main.py::test_script[6-expected1] PASSED                   [ 88%]
src/test/test_main.py::test_script[9-expected2] PASSED                   [100%]

---------- coverage: platform linux, python 3.10.4-final-0 -----------
Name                        Stmts   Miss Branch BrPart  Cover   Missing
-----------------------------------------------------------------------
src/challenge/__init__.py       0      0      0      0   100%
src/challenge/main.py          38      0     10      0   100%
src/test/__init__.py            0      0      0      0   100%
src/test/test_main.py          50      0     18      1    99%   38->exit
-----------------------------------------------------------------------
TOTAL                          88      0     28      1    99%
Coverage XML written to file .coverage.xml


============================== 9 passed in 2.71s ===============================

real	0m6.213s
user	0m5.871s
sys	0m1.100s

Running: spackle
Name                        Stmts   Miss Branch BrPart  Cover   Missing
-----------------------------------------------------------------------
src/challenge/__init__.py       0      0      0      0   100%
src/challenge/main.py          38      0     10      0   100%
src/test/__init__.py            0      0      0      0   100%
src/test/test_main.py          50      0     18      1    99%   38->exit
-----------------------------------------------------------------------
TOTAL                          88      0     28      1    99%

real	0m0.298s
user	0m0.265s
sys	0m0.040s

Running: coverage json --pretty-print -o .coverage.json
Wrote JSON report to .coverage.json

real	0m0.190s
user	0m0.164s
sys	0m0.026s

Running: coverage report --show-missing
Name                        Stmts   Miss Branch BrPart  Cover   Missing
-----------------------------------------------------------------------
src/challenge/__init__.py       0      0      0      0   100%
src/challenge/main.py          38      0     10      0   100%
src/test/__init__.py            0      0      0      0   100%
src/test/test_main.py          50      0     18      1    99%   38->exit
-----------------------------------------------------------------------
TOTAL                          88      0     28      1    99%

real	0m0.229s
user	0m0.205s
sys	0m0.026s

Running: pycobertura show .coverage.xml
Filename                     Stmts    Miss  Cover    Missing
-------------------------  -------  ------  -------  ---------
src/challenge/__init__.py        0       0  100.00%
src/challenge/main.py           38       0  100.00%
src/test/__init__.py             0       0  100.00%
src/test/test_main.py           50       0  100.00%
TOTAL                           88       0  100.00%

real	0m0.201s
user	0m0.173s
sys	0m0.029s

