Running: pytest --verbose --cov-report term --cov=. --cov-branch
============================= test session starts ==============================
platform linux -- Python 3.10.3, pytest-7.1.1, pluggy-1.0.0 -- /home/vpayno/.pyenv/versions/3.10.3/bin/python3.10
cachedir: .pytest_cache
hypothesis profile 'default' -> database=DirectoryBasedExampleDatabase('/home/vpayno/git_vpayno/hackerrank-workspace/tutorials/30-days-of-code/day-17-more_exceptions/.hypothesis/examples')
rootdir: /home/vpayno/git_vpayno/hackerrank-workspace/tutorials/30-days-of-code/day-17-more_exceptions
plugins: anyio-3.5.0, hypothesis-6.39.4, pylama-8.3.8, typeguard-2.13.3, cov-3.0.0, subprocess-1.4.1
collecting ... collected 14 items

src/test/test_main.py::test_raise_exception PASSED                       [  7%]
src/test/test_main.py::test_calculator_class PASSED                      [ 14%]
src/test/test_main.py::test_method_without_input[1-numbers0-expected0] PASSED [ 21%]
src/test/test_main.py::test_method_without_input[2-numbers1-expected1] PASSED [ 28%]
src/test/test_main.py::test_method_without_input[3-numbers2-expected2] PASSED [ 35%]
src/test/test_main.py::test_method_without_input[4-numbers3-expected3] PASSED [ 42%]
src/test/test_main.py::test_method_with_input[1-numbers0-expected0] PASSED [ 50%]
src/test/test_main.py::test_method_with_input[2-numbers1-expected1] PASSED [ 57%]
src/test/test_main.py::test_method_with_input[3-numbers2-expected2] PASSED [ 64%]
src/test/test_main.py::test_method_with_input[4-numbers3-expected3] PASSED [ 71%]
src/test/test_main.py::test_script[1-numbers0-expected0] PASSED          [ 78%]
src/test/test_main.py::test_script[2-numbers1-expected1] PASSED          [ 85%]
src/test/test_main.py::test_script[3-numbers2-expected2] PASSED          [ 92%]
src/test/test_main.py::test_script[4-numbers3-expected3] PASSED          [100%]

---------- coverage: platform linux, python 3.10.3-final-0 -----------
Name                        Stmts   Miss Branch BrPart  Cover
-------------------------------------------------------------
src/challenge/__init__.py       0      0      0      0   100%
src/challenge/main.py          51      0     18      0   100%
src/test/__init__.py            0      0      0      0   100%
src/test/test_main.py          79      0     22      0   100%
-------------------------------------------------------------
TOTAL                         130      0     40      0   100%


============================== 14 passed in 2.62s ==============================

real	0m4.936s
user	0m4.621s
sys	0m0.829s

Running: spackle
Name                        Stmts   Miss Branch BrPart  Cover   Missing
-----------------------------------------------------------------------
src/challenge/__init__.py       0      0      0      0   100%
src/challenge/main.py          51      0     18      0   100%
src/test/__init__.py            0      0      0      0   100%
src/test/test_main.py          79      0     22      0   100%
-----------------------------------------------------------------------
TOTAL                         130      0     40      0   100%

real	0m0.268s
user	0m0.227s
sys	0m0.041s

Running: coverage json --pretty-print
Wrote JSON report to coverage.json

real	0m0.196s
user	0m0.170s
sys	0m0.026s

mv -v coverage.json .coverage.json
renamed 'coverage.json' -> '.coverage.json'

real	0m0.007s
user	0m0.000s
sys	0m0.005s

