Running: pytest --verbose --cov-report term --cov=. --cov-branch
============================= test session starts ==============================
platform linux -- Python 3.10.4, pytest-7.1.1, pluggy-1.0.0 -- /home/vpayno/.pyenv/versions/3.10.4/bin/python3.10
cachedir: .pytest_cache
hypothesis profile 'default' -> database=DirectoryBasedExampleDatabase('/home/vpayno/git_vpayno/hackerrank-workspace/tutorials/30-days-of-code/day-25-running_time_and_complexity/.hypothesis/examples')
Using --randomly-seed=3088035068
rootdir: /home/vpayno/git_vpayno/hackerrank-workspace/tutorials/30-days-of-code/day-25-running_time_and_complexity
plugins: anyio-3.5.0, hypothesis-6.41.0, pylama-8.3.8, typeguard-2.13.3, cov-3.0.0, subprocess-1.4.1, randomly-3.11.0, betamax-0.8.1, datafiles-2.0
collecting ... collected 13 items

src/test/test_main.py::test_script_with_file_fixtures PASSED             [  7%]
src/test/test_main.py::test_method_with_input[2-numbers1-expected1] PASSED [ 15%]
src/test/test_main.py::test_script_with_parametrize[5-numbers3-expected3] PASSED [ 23%]
src/test/test_main.py::test_script_with_parametrize[1-numbers0-expected0] PASSED [ 30%]
src/test/test_main.py::test_method_with_input[3-numbers2-expected2] PASSED [ 38%]
src/test/test_main.py::test_method_without_input[2-numbers1-expected1] PASSED [ 46%]
src/test/test_main.py::test_method_without_input[1-numbers0-expected0] PASSED [ 53%]
src/test/test_main.py::test_method_without_input[3-numbers2-expected2] PASSED [ 61%]
src/test/test_main.py::test_script_with_parametrize[2-numbers1-expected1] PASSED [ 69%]
src/test/test_main.py::test_method_without_input[5-numbers3-expected3] PASSED [ 76%]
src/test/test_main.py::test_method_with_input[1-numbers0-expected0] PASSED [ 84%]
src/test/test_main.py::test_script_with_parametrize[3-numbers2-expected2] PASSED [ 92%]
src/test/test_main.py::test_method_with_input[5-numbers3-expected3] PASSED [100%]

---------- coverage: platform linux, python 3.10.4-final-0 -----------
Name                        Stmts   Miss Branch BrPart  Cover
-------------------------------------------------------------
src/challenge/__init__.py       0      0      0      0   100%
src/challenge/main.py          47      0     22      0   100%
src/test/__init__.py            0      0      0      0   100%
src/test/test_main.py          95      0     26      0   100%
-------------------------------------------------------------
TOTAL                         142      0     48      0   100%


============================== 13 passed in 2.74s ==============================

real	0m5.487s
user	0m5.034s
sys	0m0.961s

Running: spackle
Name                        Stmts   Miss Branch BrPart  Cover   Missing
-----------------------------------------------------------------------
src/challenge/__init__.py       0      0      0      0   100%
src/challenge/main.py          47      0     22      0   100%
src/test/__init__.py            0      0      0      0   100%
src/test/test_main.py          95      0     26      0   100%
-----------------------------------------------------------------------
TOTAL                         142      0     48      0   100%

real	0m0.242s
user	0m0.208s
sys	0m0.035s

Running: coverage json --pretty-print
Wrote JSON report to coverage.json

real	0m0.208s
user	0m0.169s
sys	0m0.038s

mv -v coverage.json .coverage.json
renamed 'coverage.json' -> '.coverage.json'

real	0m0.005s
user	0m0.000s
sys	0m0.005s

