Running: pytest --verbose --cov-report term --cov=. --cov-report=term-missing --cov-report=xml:.coverage.xml --cov-branch -p no:randomly
============================= test session starts ==============================
platform linux -- Python 3.10.4, pytest-7.1.2, pluggy-1.0.0 -- /home/vpayno/.pyenv/versions/3.10.4/bin/python
cachedir: .pytest_cache
hypothesis profile 'default' -> database=DirectoryBasedExampleDatabase('/home/vpayno/git_vpayno/hackerrank-workspace/tutorials/30-days-of-code/day-25-running_time_and_complexity/python3/.hypothesis/examples')
rootdir: /home/vpayno/git_vpayno/hackerrank-workspace/tutorials/30-days-of-code/day-25-running_time_and_complexity/python3
plugins: pylama-8.3.8, typeguard-2.13.3, cov-3.0.0, subprocess-1.4.1, betamax-0.8.1, anyio-3.6.1, hypothesis-6.46.3, datafiles-2.0.1, xonsh-0.12.4
collecting ... collected 22 items

src/test/test_main.py::test_typer_cli_benchmark PASSED                   [  4%]
src/test/test_main.py::test_typer_cli_test_with_arguments[1-numbers0-expected0] PASSED [  9%]
src/test/test_main.py::test_typer_cli_test_with_arguments[2-numbers1-expected1] PASSED [ 13%]
src/test/test_main.py::test_typer_cli_test_with_arguments[3-numbers2-expected2] PASSED [ 18%]
src/test/test_main.py::test_typer_cli_test_with_arguments[5-numbers3-expected3] PASSED [ 22%]
src/test/test_main.py::test_typer_cli_test_with_stdin[1-numbers0-expected0] PASSED [ 27%]
src/test/test_main.py::test_typer_cli_test_with_stdin[2-numbers1-expected1] PASSED [ 31%]
src/test/test_main.py::test_typer_cli_test_with_stdin[3-numbers2-expected2] PASSED [ 36%]
src/test/test_main.py::test_typer_cli_test_with_stdin[5-numbers3-expected3] PASSED [ 40%]
src/test/test_main.py::test_method_without_input[1-numbers0-expected0] PASSED [ 45%]
src/test/test_main.py::test_method_without_input[2-numbers1-expected1] PASSED [ 50%]
src/test/test_main.py::test_method_without_input[3-numbers2-expected2] PASSED [ 54%]
src/test/test_main.py::test_method_without_input[5-numbers3-expected3] PASSED [ 59%]
src/test/test_main.py::test_method_with_input[1-numbers0-expected0] PASSED [ 63%]
src/test/test_main.py::test_method_with_input[2-numbers1-expected1] PASSED [ 68%]
src/test/test_main.py::test_method_with_input[3-numbers2-expected2] PASSED [ 72%]
src/test/test_main.py::test_method_with_input[5-numbers3-expected3] PASSED [ 77%]
src/test/test_main.py::test_script_with_file_fixtures PASSED             [ 81%]
src/test/test_main.py::test_script_with_parametrize[1-numbers0-expected0] PASSED [ 86%]
src/test/test_main.py::test_script_with_parametrize[2-numbers1-expected1] PASSED [ 90%]
src/test/test_main.py::test_script_with_parametrize[3-numbers2-expected2] PASSED [ 95%]
src/test/test_main.py::test_script_with_parametrize[5-numbers3-expected3] PASSED [100%]

---------- coverage: platform linux, python 3.10.4-final-0 -----------
Name                        Stmts   Miss Branch BrPart  Cover   Missing
-----------------------------------------------------------------------
src/challenge/__init__.py       0      0      0      0   100%
src/challenge/main.py          77      0     32      0   100%
src/test/__init__.py            0      0      0      0   100%
src/test/test_main.py         129      0     34      0   100%
-----------------------------------------------------------------------
TOTAL                         206      0     66      0   100%
Coverage XML written to file .coverage.xml


============================== 22 passed in 7.20s ==============================

real	0m10.595s
user	0m11.562s
sys	0m2.426s

Running: spackle
Name                        Stmts   Miss Branch BrPart  Cover   Missing
-----------------------------------------------------------------------
src/challenge/__init__.py       0      0      0      0   100%
src/challenge/main.py          77      0     32      0   100%
src/test/__init__.py            0      0      0      0   100%
src/test/test_main.py         129      0     34      0   100%
-----------------------------------------------------------------------
TOTAL                         206      0     66      0   100%

real	0m0.505s
user	0m0.141s
sys	0m0.037s

Running: coverage json --pretty-print -o .coverage.json
Wrote JSON report to .coverage.json

real	0m0.189s
user	0m0.173s
sys	0m0.018s

Running: coverage report --show-missing
Name                        Stmts   Miss Branch BrPart  Cover   Missing
-----------------------------------------------------------------------
src/challenge/__init__.py       0      0      0      0   100%
src/challenge/main.py          77      0     32      0   100%
src/test/__init__.py            0      0      0      0   100%
src/test/test_main.py         129      0     34      0   100%
-----------------------------------------------------------------------
TOTAL                         206      0     66      0   100%

real	0m0.367s
user	0m0.330s
sys	0m0.039s

Running: pycobertura show .coverage.xml
Filename                     Stmts    Miss  Cover    Missing
-------------------------  -------  ------  -------  ---------
src/challenge/__init__.py        0       0  100.00%
src/challenge/main.py           77       0  100.00%
src/test/__init__.py             0       0  100.00%
src/test/test_main.py          129       0  100.00%
TOTAL                          206       0  100.00%

real	0m0.199s
user	0m0.175s
sys	0m0.030s

