Running: pytest --verbose --cov-report term --cov=. --cov-branch
============================= test session starts ==============================
platform linux -- Python 3.10.3, pytest-7.1.1, pluggy-1.0.0 -- /home/vpayno/.pyenv/versions/3.10.3/bin/python3.10
cachedir: .pytest_cache
hypothesis profile 'default' -> database=DirectoryBasedExampleDatabase('/home/vpayno/git_vpayno/hackerrank-workspace/tutorials/30-days-of-code/day-07-arrays/.hypothesis/examples')
rootdir: /home/vpayno/git_vpayno/hackerrank-workspace/tutorials/30-days-of-code/day-07-arrays
plugins: anyio-3.5.0, hypothesis-6.39.4, pylama-8.3.8, typeguard-2.13.3, cov-3.0.0, subprocess-1.4.1
collecting ... collected 7 items

src/test/test_main.py::test_raise_exception PASSED                       [ 14%]
src/test/test_main.py::test_method_without_input[4-numbers0-expected0] PASSED [ 28%]
src/test/test_main.py::test_method_without_input[6-numbers1-expected1] PASSED [ 42%]
src/test/test_main.py::test_method_with_input[4-numbers0-expected0] PASSED [ 57%]
src/test/test_main.py::test_method_with_input[6-numbers1-expected1] PASSED [ 71%]
src/test/test_main.py::test_script[4-numbers0-expected0] PASSED          [ 85%]
src/test/test_main.py::test_script[6-numbers1-expected1] PASSED          [100%]

---------- coverage: platform linux, python 3.10.3-final-0 -----------
Name                        Stmts   Miss Branch BrPart  Cover
-------------------------------------------------------------
src/challenge/__init__.py       0      0      0      0   100%
src/challenge/main.py          42      0     16      0   100%
src/test/__init__.py            0      0      0      0   100%
src/test/test_main.py          72      0     32      1    99%
-------------------------------------------------------------
TOTAL                         114      0     48      1    99%


============================== 7 passed in 2.34s ===============================

real	0m4.908s
user	0m4.494s
sys	0m0.721s

Running: spackle
Name                        Stmts   Miss Branch BrPart  Cover   Missing
-----------------------------------------------------------------------
src/challenge/__init__.py       0      0      0      0   100%
src/challenge/main.py          42      0     16      0   100%
src/test/__init__.py            0      0      0      0   100%
src/test/test_main.py          72      0     32      1    99%   62->exit
-----------------------------------------------------------------------
TOTAL                         114      0     48      1    99%

real	0m0.338s
user	0m0.299s
sys	0m0.039s

Running: coverage json --pretty-print
Wrote JSON report to coverage.json

real	0m0.321s
user	0m0.273s
sys	0m0.048s

