Running: pytest --verbose --cov-report term --cov=. --cov-report=term-missing --cov-report=xml:.coverage.xml --cov-branch -p no:randomly
============================= test session starts ==============================
platform linux -- Python 3.10.4, pytest-7.1.2, pluggy-1.0.0 -- /home/vpayno/.pyenv/versions/3.10.4/bin/python
cachedir: .pytest_cache
hypothesis profile 'default' -> database=DirectoryBasedExampleDatabase('/home/vpayno/git_vpayno/hackerrank-workspace/tutorials/30-days-of-code/day-11-2d_arrays/python3/.hypothesis/examples')
rootdir: /home/vpayno/git_vpayno/hackerrank-workspace/tutorials/30-days-of-code/day-11-2d_arrays/python3
plugins: pylama-8.3.8, typeguard-2.13.3, cov-3.0.0, subprocess-1.4.1, betamax-0.8.1, anyio-3.6.1, hypothesis-6.46.3, datafiles-2.0.1, xonsh-0.12.4
collecting ... collected 8 items

src/test/test_main.py::test_debug_print PASSED                           [ 12%]
src/test/test_main.py::test_debug_pprint PASSED                          [ 25%]
src/test/test_main.py::test_method_without_input[matrix0-expected0] PASSED [ 37%]
src/test/test_main.py::test_method_without_input[matrix1-expected1] PASSED [ 50%]
src/test/test_main.py::test_method_with_input[matrix0-expected0] PASSED  [ 62%]
src/test/test_main.py::test_method_with_input[matrix1-expected1] PASSED  [ 75%]
src/test/test_main.py::test_script[matrix0-expected0] PASSED             [ 87%]
src/test/test_main.py::test_script[matrix1-expected1] PASSED             [100%]

---------- coverage: platform linux, python 3.10.4-final-0 -----------
Name                        Stmts   Miss Branch BrPart  Cover   Missing
-----------------------------------------------------------------------
src/challenge/__init__.py       0      0      0      0   100%
src/challenge/main.py          82      0     22      0   100%
src/test/__init__.py            0      0      0      0   100%
src/test/test_main.py          91      0     34      0   100%
-----------------------------------------------------------------------
TOTAL                         173      0     56      0   100%
Coverage XML written to file .coverage.xml


============================== 8 passed in 1.91s ===============================

real	0m5.044s
user	0m4.837s
sys	0m0.838s

Running: spackle
Name                        Stmts   Miss Branch BrPart  Cover   Missing
-----------------------------------------------------------------------
src/challenge/__init__.py       0      0      0      0   100%
src/challenge/main.py          82      0     22      0   100%
src/test/__init__.py            0      0      0      0   100%
src/test/test_main.py          91      0     34      0   100%
-----------------------------------------------------------------------
TOTAL                         173      0     56      0   100%

real	0m0.309s
user	0m0.264s
sys	0m0.044s

Running: coverage json --pretty-print -o .coverage.json
Wrote JSON report to .coverage.json

real	0m0.199s
user	0m0.176s
sys	0m0.024s

Running: coverage report --show-missing
Name                        Stmts   Miss Branch BrPart  Cover   Missing
-----------------------------------------------------------------------
src/challenge/__init__.py       0      0      0      0   100%
src/challenge/main.py          82      0     22      0   100%
src/test/__init__.py            0      0      0      0   100%
src/test/test_main.py          91      0     34      0   100%
-----------------------------------------------------------------------
TOTAL                         173      0     56      0   100%

real	0m0.211s
user	0m0.193s
sys	0m0.025s

Running: pycobertura show .coverage.xml
Filename                     Stmts    Miss  Cover    Missing
-------------------------  -------  ------  -------  ---------
src/challenge/__init__.py        0       0  100.00%
src/challenge/main.py           82       0  100.00%
src/test/__init__.py             0       0  100.00%
src/test/test_main.py           91       0  100.00%
TOTAL                          173       0  100.00%

real	0m0.199s
user	0m0.173s
sys	0m0.027s

