Running: pytest --verbose --cov-report term --cov=. --cov-branch -p no:randomly
============================= test session starts ==============================
platform linux -- Python 3.10.4, pytest-7.1.1, pluggy-1.0.0 -- /home/vpayno/.pyenv/versions/3.10.4/bin/python3.10
cachedir: .pytest_cache
hypothesis profile 'default' -> database=DirectoryBasedExampleDatabase('/home/vpayno/git_vpayno/hackerrank-workspace/tutorials/30-days-of-code/day-29-bitwise_and/.hypothesis/examples')
rootdir: /home/vpayno/git_vpayno/hackerrank-workspace/tutorials/30-days-of-code/day-29-bitwise_and
plugins: anyio-3.5.0, hypothesis-6.41.0, pylama-8.3.8, typeguard-2.13.3, cov-3.0.0, subprocess-1.4.1
collecting ... collected 4 items

src/test/test_main.py::test_write_output_file PASSED                     [ 25%]
src/test/test_main.py::test_method_without_input[3-data0-expected0] PASSED [ 50%]
src/test/test_main.py::test_method_with_input[3-data0-expected0] PASSED  [ 75%]
src/test/test_main.py::test_script[3-data0-expected0] PASSED             [100%]

---------- coverage: platform linux, python 3.10.4-final-0 -----------
Name                        Stmts   Miss Branch BrPart  Cover
-------------------------------------------------------------
src/challenge/__init__.py       0      0      0      0   100%
src/challenge/main.py          58      0     28      0   100%
src/test/__init__.py            0      0      0      0   100%
src/test/test_main.py          84      0     32      0   100%
-------------------------------------------------------------
TOTAL                         142      0     60      0   100%


============================== 4 passed in 1.32s ===============================

real	0m3.450s
user	0m3.355s
sys	0m0.599s

Running: spackle
Name                        Stmts   Miss Branch BrPart  Cover   Missing
-----------------------------------------------------------------------
src/challenge/__init__.py       0      0      0      0   100%
src/challenge/main.py          58      0     28      0   100%
src/test/__init__.py            0      0      0      0   100%
src/test/test_main.py          84      0     32      0   100%
-----------------------------------------------------------------------
TOTAL                         142      0     60      0   100%

real	0m0.266s
user	0m0.232s
sys	0m0.046s

Running: coverage json --pretty-print
Wrote JSON report to coverage.json

real	0m0.212s
user	0m0.181s
sys	0m0.030s

mv -v coverage.json .coverage.json
renamed 'coverage.json' -> '.coverage.json'

real	0m0.004s
user	0m0.001s
sys	0m0.004s

