Running: pytest --verbose --cov-report term --cov=. --cov-branch
============================= test session starts ==============================
platform linux -- Python 3.10.3, pytest-7.1.1, pluggy-1.0.0 -- /home/vpayno/.pyenv/versions/3.10.3/bin/python3.10
cachedir: .pytest_cache
hypothesis profile 'default' -> database=DirectoryBasedExampleDatabase('/home/vpayno/git_vpayno/hackerrank-workspace/tutorials/30-days-of-code/day-13-abstract_classes/.hypothesis/examples')
rootdir: /home/vpayno/git_vpayno/hackerrank-workspace/tutorials/30-days-of-code/day-13-abstract_classes
plugins: anyio-3.5.0, hypothesis-6.39.4, pylama-8.3.8, typeguard-2.13.3, cov-3.0.0, subprocess-1.4.1
collecting ... collected 6 items

src/test/test_main.py::test_method_without_input[data0-expected0] PASSED [ 16%]
src/test/test_main.py::test_method_without_input[data1-expected1] PASSED [ 33%]
src/test/test_main.py::test_method_with_input[data0-expected0] PASSED    [ 50%]
src/test/test_main.py::test_method_with_input[data1-expected1] PASSED    [ 66%]
src/test/test_main.py::test_script[data0-expected0] PASSED               [ 83%]
src/test/test_main.py::test_script[data1-expected1] PASSED               [100%]

---------- coverage: platform linux, python 3.10.3-final-0 -----------
Name                        Stmts   Miss Branch BrPart  Cover
-------------------------------------------------------------
src/challenge/__init__.py       0      0      0      0   100%
src/challenge/main.py          43      0     10      0   100%
src/test/__init__.py            0      0      0      0   100%
src/test/test_main.py          63      0     10      0   100%
-------------------------------------------------------------
TOTAL                         106      0     20      0   100%


============================== 6 passed in 1.74s ===============================

real	0m3.930s
user	0m3.828s
sys	0m0.540s

Running: spackle
Name                        Stmts   Miss Branch BrPart  Cover   Missing
-----------------------------------------------------------------------
src/challenge/__init__.py       0      0      0      0   100%
src/challenge/main.py          43      0     10      0   100%
src/test/__init__.py            0      0      0      0   100%
src/test/test_main.py          63      0     10      0   100%
-----------------------------------------------------------------------
TOTAL                         106      0     20      0   100%

real	0m0.241s
user	0m0.201s
sys	0m0.040s

Running: coverage json --pretty-print
Wrote JSON report to coverage.json

real	0m0.194s
user	0m0.176s
sys	0m0.016s

