Running: pytest --verbose --cov-report term --cov=. --cov-branch
============================= test session starts ==============================
platform linux -- Python 3.10.3, pytest-7.1.1, pluggy-1.0.0 -- /home/vpayno/.pyenv/versions/3.10.3/bin/python3.10
cachedir: .pytest_cache
hypothesis profile 'default' -> database=DirectoryBasedExampleDatabase('/home/vpayno/git_vpayno/hackerrank-workspace/tutorials/30-days-of-code/day-19-interfaces/.hypothesis/examples')
rootdir: /home/vpayno/git_vpayno/hackerrank-workspace/tutorials/30-days-of-code/day-19-interfaces
plugins: anyio-3.5.0, hypothesis-6.39.4, pylama-8.3.8, typeguard-2.13.3, cov-3.0.0, subprocess-1.4.1
collecting ... collected 13 items

src/test/test_main.py::test_interface_exception PASSED                   [  7%]
src/test/test_main.py::test_calculator_class[6-12] PASSED                [ 15%]
src/test/test_main.py::test_calculator_class[20-42] PASSED               [ 23%]
src/test/test_main.py::test_calculator_class[25-31] PASSED               [ 30%]
src/test/test_main.py::test_method_without_input[6-12] PASSED            [ 38%]
src/test/test_main.py::test_method_without_input[20-42] PASSED           [ 46%]
src/test/test_main.py::test_method_without_input[25-31] PASSED           [ 53%]
src/test/test_main.py::test_method_with_input[6-12] PASSED               [ 61%]
src/test/test_main.py::test_method_with_input[20-42] PASSED              [ 69%]
src/test/test_main.py::test_method_with_input[25-31] PASSED              [ 76%]
src/test/test_main.py::test_script[6-12] PASSED                          [ 84%]
src/test/test_main.py::test_script[20-42] PASSED                         [ 92%]
src/test/test_main.py::test_script[25-31] PASSED                         [100%]

---------- coverage: platform linux, python 3.10.3-final-0 -----------
Name                        Stmts   Miss Branch BrPart  Cover
-------------------------------------------------------------
src/challenge/__init__.py       0      0      0      0   100%
src/challenge/main.py          32      0     10      0   100%
src/test/__init__.py            0      0      0      0   100%
src/test/test_main.py          71      0     16      0   100%
-------------------------------------------------------------
TOTAL                         103      0     26      0   100%


============================== 13 passed in 2.14s ==============================

real	0m4.541s
user	0m4.379s
sys	0m0.678s

Running: spackle
Name                        Stmts   Miss Branch BrPart  Cover   Missing
-----------------------------------------------------------------------
src/challenge/__init__.py       0      0      0      0   100%
src/challenge/main.py          32      0     10      0   100%
src/test/__init__.py            0      0      0      0   100%
src/test/test_main.py          71      0     16      0   100%
-----------------------------------------------------------------------
TOTAL                         103      0     26      0   100%

real	0m0.271s
user	0m0.224s
sys	0m0.048s

Running: coverage json --pretty-print
Wrote JSON report to coverage.json

real	0m0.181s
user	0m0.153s
sys	0m0.028s

mv -v coverage.json .coverage.json
renamed 'coverage.json' -> '.coverage.json'

real	0m0.003s
user	0m0.000s
sys	0m0.002s

