Running: pytest --verbose --cov-report term --cov=. --cov-branch
============================= test session starts ==============================
platform linux -- Python 3.10.4, pytest-7.1.1, pluggy-1.0.0 -- /home/vpayno/.pyenv/versions/3.10.4/bin/python3.10
cachedir: .pytest_cache
hypothesis profile 'default' -> database=DirectoryBasedExampleDatabase('/home/vpayno/git_vpayno/hackerrank-workspace/tutorials/30-days-of-code/day-28-regex_patterns_intro_to_databases/.hypothesis/examples')
rootdir: /home/vpayno/git_vpayno/hackerrank-workspace/tutorials/30-days-of-code/day-28-regex_patterns_intro_to_databases
plugins: anyio-3.5.0, hypothesis-6.41.0, pylama-8.3.8, typeguard-2.13.3, cov-3.0.0, subprocess-1.4.1
collecting ... collected 3 items

src/test/test_main.py::test_method_without_input[6-data0-expected0] PASSED [ 33%]
src/test/test_main.py::test_method_with_input[6-data0-expected0] PASSED  [ 66%]
src/test/test_main.py::test_script[6-data0-expected0] PASSED             [100%]

---------- coverage: platform linux, python 3.10.4-final-0 -----------
Name                        Stmts   Miss Branch BrPart  Cover
-------------------------------------------------------------
src/challenge/__init__.py       0      0      0      0   100%
src/challenge/main.py          44      0     14      0   100%
src/test/__init__.py            0      0      0      0   100%
src/test/test_main.py          69      0     12      0   100%
-------------------------------------------------------------
TOTAL                         113      0     26      0   100%


============================== 3 passed in 1.33s ===============================

real	0m3.536s
user	0m3.417s
sys	0m0.631s

Running: spackle
Name                        Stmts   Miss Branch BrPart  Cover   Missing
-----------------------------------------------------------------------
src/challenge/__init__.py       0      0      0      0   100%
src/challenge/main.py          44      0     14      0   100%
src/test/__init__.py            0      0      0      0   100%
src/test/test_main.py          69      0     12      0   100%
-----------------------------------------------------------------------
TOTAL                         113      0     26      0   100%

real	0m0.256s
user	0m0.204s
sys	0m0.049s

Running: coverage json --pretty-print
Wrote JSON report to coverage.json

real	0m0.185s
user	0m0.165s
sys	0m0.024s

mv -v coverage.json .coverage.json
renamed 'coverage.json' -> '.coverage.json'

real	0m0.003s
user	0m0.001s
sys	0m0.002s

