Running: pytest --verbose --cov-report term --cov=. --cov-branch
============================= test session starts ==============================
platform linux -- Python 3.10.3, pytest-7.1.1, pluggy-1.0.0 -- /home/vpayno/.pyenv/versions/3.10.3/bin/python3.10
cachedir: .pytest_cache
hypothesis profile 'default' -> database=DirectoryBasedExampleDatabase('/home/vpayno/git_vpayno/hackerrank-workspace/tutorials/30-days-of-code/day-11-2d_arrays/.hypothesis/examples')
rootdir: /home/vpayno/git_vpayno/hackerrank-workspace/tutorials/30-days-of-code/day-11-2d_arrays
plugins: anyio-3.5.0, hypothesis-6.39.4, pylama-8.3.8, typeguard-2.13.3, cov-3.0.0, subprocess-1.4.1
collecting ... collected 8 items

src/test/test_main.py::test_debug_print PASSED                           [ 12%]
src/test/test_main.py::test_debug_pprint PASSED                          [ 25%]
src/test/test_main.py::test_method_without_input[matrix0-expected0] PASSED [ 37%]
src/test/test_main.py::test_method_without_input[matrix1-expected1] PASSED [ 50%]
src/test/test_main.py::test_method_with_input[matrix0-expected0] PASSED  [ 62%]
src/test/test_main.py::test_method_with_input[matrix1-expected1] PASSED  [ 75%]
src/test/test_main.py::test_script[matrix0-expected0] PASSED             [ 87%]
src/test/test_main.py::test_script[matrix1-expected1] PASSED             [100%]

---------- coverage: platform linux, python 3.10.3-final-0 -----------
Name                        Stmts   Miss Branch BrPart  Cover
-------------------------------------------------------------
src/challenge/__init__.py       0      0      0      0   100%
src/challenge/main.py          82      0     22      0   100%
src/test/__init__.py            0      0      0      0   100%
src/test/test_main.py          91      0     34      0   100%
-------------------------------------------------------------
TOTAL                         173      0     56      0   100%


============================== 8 passed in 1.67s ===============================

real	0m3.907s
user	0m3.771s
sys	0m0.647s

Running: spackle
Name                        Stmts   Miss Branch BrPart  Cover   Missing
-----------------------------------------------------------------------
src/challenge/__init__.py       0      0      0      0   100%
src/challenge/main.py          82      0     22      0   100%
src/test/__init__.py            0      0      0      0   100%
src/test/test_main.py          91      0     34      0   100%
-----------------------------------------------------------------------
TOTAL                         173      0     56      0   100%

real	0m0.244s
user	0m0.065s
sys	0m0.021s

Running: coverage json --pretty-print
Wrote JSON report to coverage.json

real	0m0.191s
user	0m0.179s
sys	0m0.011s

mv -v coverage.json .coverage.json
renamed 'coverage.json' -> '.coverage.json'

real	0m0.003s
user	0m0.001s
sys	0m0.002s

