Running: pytest --verbose --cov-report term --cov=. --cov-branch
============================= test session starts ==============================
platform linux -- Python 3.10.2, pytest-7.1.1, pluggy-1.0.0 -- /home/vpayno/.pyenv/versions/3.10.2/bin/python
cachedir: .pytest_cache
hypothesis profile 'default' -> database=DirectoryBasedExampleDatabase('/home/vpayno/git_vpayno/hackerrank-workspace/tutorials/30-days-of-code/day-02-operators/.hypothesis/examples')
rootdir: /home/vpayno/git_vpayno/hackerrank-workspace/tutorials/30-days-of-code/day-02-operators
plugins: anyio-3.5.0, typeguard-2.13.3, cov-3.0.0, hypothesis-6.39.4, pylama-8.3.8, subprocess-1.4.1
collecting ... collected 6 items

src/test/test_main.py::test_method_with_input[12.0-20-8-15] PASSED       [ 16%]
src/test/test_main.py::test_method_with_input[15.5-15-10-19] PASSED      [ 33%]
src/test/test_main.py::test_method_with_input[1234.56-17-11-1580] PASSED [ 50%]
src/test/test_main.py::test_method_with_input[123.45-13-7-148] PASSED    [ 66%]
src/test/test_main.py::test_script[input_data0-15] PASSED                [ 83%]
src/test/test_main.py::test_script[input_data1-19] PASSED                [100%]

---------- coverage: platform linux, python 3.10.2-final-0 -----------
Name                        Stmts   Miss Branch BrPart  Cover
-------------------------------------------------------------
src/challenge/__init__.py       0      0      0      0   100%
src/challenge/main.py          34      0      2      0   100%
src/test/__init__.py            0      0      0      0   100%
src/test/test_main.py          66      0     11      0   100%
-------------------------------------------------------------
TOTAL                         100      0     13      0   100%


============================== 6 passed in 1.41s ===============================

real	0m3.788s
user	0m3.664s
sys	0m0.614s

Running: spackle
Name                        Stmts   Miss Branch BrPart  Cover   Missing
-----------------------------------------------------------------------
src/challenge/__init__.py       0      0      0      0   100%
src/challenge/main.py          34      0      2      0   100%
src/test/__init__.py            0      0      0      0   100%
src/test/test_main.py          66      0     11      0   100%
-----------------------------------------------------------------------
TOTAL                         100      0     13      0   100%

real	0m0.269s
user	0m0.069s
sys	0m0.013s

